[2024-03-01T16:31:51.988+0000] {taskinstance.py:1157} INFO - Dependencies all met for dep_context=non-requeueable deps ti=<TaskInstance: sparking_flow.python_job scheduled__2024-02-29T00:00:00+00:00 [queued]>
[2024-03-01T16:31:51.993+0000] {taskinstance.py:1157} INFO - Dependencies all met for dep_context=requeueable deps ti=<TaskInstance: sparking_flow.python_job scheduled__2024-02-29T00:00:00+00:00 [queued]>
[2024-03-01T16:31:51.993+0000] {taskinstance.py:1359} INFO - Starting attempt 1 of 1
[2024-03-01T16:31:51.998+0000] {taskinstance.py:1380} INFO - Executing <Task(SparkSubmitOperator): python_job> on 2024-02-29 00:00:00+00:00
[2024-03-01T16:31:52.000+0000] {standard_task_runner.py:57} INFO - Started process 242 to run task
[2024-03-01T16:31:52.002+0000] {standard_task_runner.py:84} INFO - Running: ['***', 'tasks', 'run', 'sparking_flow', 'python_job', 'scheduled__2024-02-29T00:00:00+00:00', '--job-id', '5', '--raw', '--subdir', 'DAGS_FOLDER/spark_***.py', '--cfg-path', '/tmp/tmppb73h1k4']
[2024-03-01T16:31:52.005+0000] {standard_task_runner.py:85} INFO - Job 5: Subtask python_job
[2024-03-01T16:31:52.036+0000] {task_command.py:415} INFO - Running <TaskInstance: sparking_flow.python_job scheduled__2024-02-29T00:00:00+00:00 [running]> on host b9fb92cd2ef4
[2024-03-01T16:31:52.079+0000] {taskinstance.py:1660} INFO - Exporting env vars: AIRFLOW_CTX_DAG_OWNER='James Smart' AIRFLOW_CTX_DAG_ID='sparking_flow' AIRFLOW_CTX_TASK_ID='python_job' AIRFLOW_CTX_EXECUTION_DATE='2024-02-29T00:00:00+00:00' AIRFLOW_CTX_TRY_NUMBER='1' AIRFLOW_CTX_DAG_RUN_ID='scheduled__2024-02-29T00:00:00+00:00'
[2024-03-01T16:31:52.087+0000] {base.py:73} INFO - Using connection ID 'spark-conn' for task execution.
[2024-03-01T16:31:52.087+0000] {spark_submit.py:401} INFO - Spark-Submit cmd: spark-submit --master spark://spark-master-1:7077 --name arrow-spark --deploy-mode client jobs/test.py
[2024-03-01T16:31:52.183+0000] {spark_submit.py:571} INFO - /home/***/.local/lib/python3.11/site-packages/pyspark/bin/load-spark-env.sh: line 68: ps: command not found
[2024-03-01T16:31:55.829+0000] {spark_submit.py:571} INFO - 24/03/01 16:31:55 INFO SparkContext: Running Spark version 3.5.1
[2024-03-01T16:31:55.841+0000] {spark_submit.py:571} INFO - 24/03/01 16:31:55 INFO SparkContext: OS info Linux, 6.6.12-linuxkit, aarch64
[2024-03-01T16:31:55.841+0000] {spark_submit.py:571} INFO - 24/03/01 16:31:55 INFO SparkContext: Java version 11.0.22
[2024-03-01T16:31:56.014+0000] {spark_submit.py:571} INFO - 24/03/01 16:31:56 WARN NativeCodeLoader: Unable to load native-hadoop library for your platform... using builtin-java classes where applicable
[2024-03-01T16:31:56.107+0000] {spark_submit.py:571} INFO - 24/03/01 16:31:56 INFO ResourceUtils: ==============================================================
[2024-03-01T16:31:56.109+0000] {spark_submit.py:571} INFO - 24/03/01 16:31:56 INFO ResourceUtils: No custom resources configured for spark.driver.
[2024-03-01T16:31:56.112+0000] {spark_submit.py:571} INFO - 24/03/01 16:31:56 INFO ResourceUtils: ==============================================================
[2024-03-01T16:31:56.112+0000] {spark_submit.py:571} INFO - 24/03/01 16:31:56 INFO SparkContext: Submitted application: PythonWordCount
[2024-03-01T16:31:56.128+0000] {spark_submit.py:571} INFO - 24/03/01 16:31:56 INFO ResourceProfile: Default ResourceProfile created, executor resources: Map(memory -> name: memory, amount: 1024, script: , vendor: , offHeap -> name: offHeap, amount: 0, script: , vendor: ), task resources: Map(cpus -> name: cpus, amount: 1.0)
[2024-03-01T16:31:56.138+0000] {spark_submit.py:571} INFO - 24/03/01 16:31:56 INFO ResourceProfile: Limiting resource is cpu
[2024-03-01T16:31:56.139+0000] {spark_submit.py:571} INFO - 24/03/01 16:31:56 INFO ResourceProfileManager: Added ResourceProfile id: 0
[2024-03-01T16:31:56.198+0000] {spark_submit.py:571} INFO - 24/03/01 16:31:56 INFO SecurityManager: Changing view acls to: ***
[2024-03-01T16:31:56.201+0000] {spark_submit.py:571} INFO - 24/03/01 16:31:56 INFO SecurityManager: Changing modify acls to: ***
[2024-03-01T16:31:56.202+0000] {spark_submit.py:571} INFO - 24/03/01 16:31:56 INFO SecurityManager: Changing view acls groups to:
[2024-03-01T16:31:56.202+0000] {spark_submit.py:571} INFO - 24/03/01 16:31:56 INFO SecurityManager: Changing modify acls groups to:
[2024-03-01T16:31:56.203+0000] {spark_submit.py:571} INFO - 24/03/01 16:31:56 INFO SecurityManager: SecurityManager: authentication disabled; ui acls disabled; users with view permissions: ***; groups with view permissions: EMPTY; users with modify permissions: ***; groups with modify permissions: EMPTY
[2024-03-01T16:31:56.505+0000] {spark_submit.py:571} INFO - 24/03/01 16:31:56 INFO Utils: Successfully started service 'sparkDriver' on port 44249.
[2024-03-01T16:31:56.539+0000] {spark_submit.py:571} INFO - 24/03/01 16:31:56 INFO SparkEnv: Registering MapOutputTracker
[2024-03-01T16:31:56.581+0000] {spark_submit.py:571} INFO - 24/03/01 16:31:56 INFO SparkEnv: Registering BlockManagerMaster
[2024-03-01T16:31:56.604+0000] {spark_submit.py:571} INFO - 24/03/01 16:31:56 INFO BlockManagerMasterEndpoint: Using org.apache.spark.storage.DefaultTopologyMapper for getting topology information
[2024-03-01T16:31:56.607+0000] {spark_submit.py:571} INFO - 24/03/01 16:31:56 INFO BlockManagerMasterEndpoint: BlockManagerMasterEndpoint up
[2024-03-01T16:31:56.612+0000] {spark_submit.py:571} INFO - 24/03/01 16:31:56 INFO SparkEnv: Registering BlockManagerMasterHeartbeat
[2024-03-01T16:31:56.644+0000] {spark_submit.py:571} INFO - 24/03/01 16:31:56 INFO DiskBlockManager: Created local directory at /tmp/blockmgr-73d85ad4-4ca7-486f-a33e-a31262aed44e
[2024-03-01T16:31:56.654+0000] {spark_submit.py:571} INFO - 24/03/01 16:31:56 INFO MemoryStore: MemoryStore started with capacity 434.4 MiB
[2024-03-01T16:31:56.664+0000] {spark_submit.py:571} INFO - 24/03/01 16:31:56 INFO SparkEnv: Registering OutputCommitCoordinator
[2024-03-01T16:31:56.817+0000] {spark_submit.py:571} INFO - 24/03/01 16:31:56 INFO JettyUtils: Start Jetty 0.0.0.0:4040 for SparkUI
[2024-03-01T16:31:56.861+0000] {spark_submit.py:571} INFO - 24/03/01 16:31:56 WARN Utils: Service 'SparkUI' could not bind on port 4040. Attempting port 4041.
[2024-03-01T16:31:56.867+0000] {spark_submit.py:571} INFO - 24/03/01 16:31:56 INFO Utils: Successfully started service 'SparkUI' on port 4041.
[2024-03-01T16:31:57.137+0000] {spark_submit.py:571} INFO - 24/03/01 16:31:57 INFO StandaloneAppClient$ClientEndpoint: Connecting to master spark://spark-master-1:7077...
[2024-03-01T16:31:57.416+0000] {spark_submit.py:571} INFO - 24/03/01 16:31:57 WARN StandaloneAppClient$ClientEndpoint: Failed to connect to master spark-master-1:7077
[2024-03-01T16:31:57.417+0000] {spark_submit.py:571} INFO - org.apache.spark.SparkException: Exception thrown in awaitResult:
[2024-03-01T16:31:57.417+0000] {spark_submit.py:571} INFO - at org.apache.spark.util.SparkThreadUtils$.awaitResult(SparkThreadUtils.scala:56)
[2024-03-01T16:31:57.417+0000] {spark_submit.py:571} INFO - at org.apache.spark.util.ThreadUtils$.awaitResult(ThreadUtils.scala:310)
[2024-03-01T16:31:57.417+0000] {spark_submit.py:571} INFO - at org.apache.spark.rpc.RpcTimeout.awaitResult(RpcTimeout.scala:75)
[2024-03-01T16:31:57.417+0000] {spark_submit.py:571} INFO - at org.apache.spark.rpc.RpcEnv.setupEndpointRefByURI(RpcEnv.scala:102)
[2024-03-01T16:31:57.418+0000] {spark_submit.py:571} INFO - at org.apache.spark.rpc.RpcEnv.setupEndpointRef(RpcEnv.scala:110)
[2024-03-01T16:31:57.418+0000] {spark_submit.py:571} INFO - at org.apache.spark.deploy.client.StandaloneAppClient$ClientEndpoint$$anon$1.run(StandaloneAppClient.scala:108)
[2024-03-01T16:31:57.418+0000] {spark_submit.py:571} INFO - at java.base/java.util.concurrent.Executors$RunnableAdapter.call(Executors.java:515)
[2024-03-01T16:31:57.418+0000] {spark_submit.py:571} INFO - at java.base/java.util.concurrent.FutureTask.run(FutureTask.java:264)
[2024-03-01T16:31:57.418+0000] {spark_submit.py:571} INFO - at java.base/java.util.concurrent.ThreadPoolExecutor.runWorker(ThreadPoolExecutor.java:1128)
[2024-03-01T16:31:57.418+0000] {spark_submit.py:571} INFO - at java.base/java.util.concurrent.ThreadPoolExecutor$Worker.run(ThreadPoolExecutor.java:628)
[2024-03-01T16:31:57.418+0000] {spark_submit.py:571} INFO - at java.base/java.lang.Thread.run(Thread.java:829)
[2024-03-01T16:31:57.419+0000] {spark_submit.py:571} INFO - Caused by: java.io.IOException: Failed to connect to spark-master-1:7077
[2024-03-01T16:31:57.419+0000] {spark_submit.py:571} INFO - at org.apache.spark.network.client.TransportClientFactory.createClient(TransportClientFactory.java:294)
[2024-03-01T16:31:57.419+0000] {spark_submit.py:571} INFO - at org.apache.spark.network.client.TransportClientFactory.createClient(TransportClientFactory.java:214)
[2024-03-01T16:31:57.419+0000] {spark_submit.py:571} INFO - at org.apache.spark.network.client.TransportClientFactory.createClient(TransportClientFactory.java:226)
[2024-03-01T16:31:57.419+0000] {spark_submit.py:571} INFO - at org.apache.spark.rpc.netty.NettyRpcEnv.createClient(NettyRpcEnv.scala:204)
[2024-03-01T16:31:57.419+0000] {spark_submit.py:571} INFO - at org.apache.spark.rpc.netty.Outbox$$anon$1.call(Outbox.scala:202)
[2024-03-01T16:31:57.419+0000] {spark_submit.py:571} INFO - at org.apache.spark.rpc.netty.Outbox$$anon$1.call(Outbox.scala:198)
[2024-03-01T16:31:57.420+0000] {spark_submit.py:571} INFO - ... 4 more
[2024-03-01T16:31:57.420+0000] {spark_submit.py:571} INFO - Caused by: java.net.UnknownHostException: spark-master-1
[2024-03-01T16:31:57.420+0000] {spark_submit.py:571} INFO - at java.base/java.net.InetAddress$CachedAddresses.get(InetAddress.java:797)
[2024-03-01T16:31:57.420+0000] {spark_submit.py:571} INFO - at java.base/java.net.InetAddress.getAllByName0(InetAddress.java:1533)
[2024-03-01T16:31:57.420+0000] {spark_submit.py:571} INFO - at java.base/java.net.InetAddress.getAllByName(InetAddress.java:1386)
[2024-03-01T16:31:57.420+0000] {spark_submit.py:571} INFO - at java.base/java.net.InetAddress.getAllByName(InetAddress.java:1307)
[2024-03-01T16:31:57.420+0000] {spark_submit.py:571} INFO - at java.base/java.net.InetAddress.getByName(InetAddress.java:1257)
[2024-03-01T16:31:57.420+0000] {spark_submit.py:571} INFO - at io.netty.util.internal.SocketUtils$8.run(SocketUtils.java:156)
[2024-03-01T16:31:57.421+0000] {spark_submit.py:571} INFO - at io.netty.util.internal.SocketUtils$8.run(SocketUtils.java:153)
[2024-03-01T16:31:57.421+0000] {spark_submit.py:571} INFO - at java.base/java.security.AccessController.doPrivileged(Native Method)
[2024-03-01T16:31:57.421+0000] {spark_submit.py:571} INFO - at io.netty.util.internal.SocketUtils.addressByName(SocketUtils.java:153)
[2024-03-01T16:31:57.421+0000] {spark_submit.py:571} INFO - at io.netty.resolver.DefaultNameResolver.doResolve(DefaultNameResolver.java:41)
[2024-03-01T16:31:57.421+0000] {spark_submit.py:571} INFO - at io.netty.resolver.SimpleNameResolver.resolve(SimpleNameResolver.java:61)
[2024-03-01T16:31:57.421+0000] {spark_submit.py:571} INFO - at io.netty.resolver.SimpleNameResolver.resolve(SimpleNameResolver.java:53)
[2024-03-01T16:31:57.421+0000] {spark_submit.py:571} INFO - at io.netty.resolver.InetSocketAddressResolver.doResolve(InetSocketAddressResolver.java:55)
[2024-03-01T16:31:57.422+0000] {spark_submit.py:571} INFO - at io.netty.resolver.InetSocketAddressResolver.doResolve(InetSocketAddressResolver.java:31)
[2024-03-01T16:31:57.422+0000] {spark_submit.py:571} INFO - at io.netty.resolver.AbstractAddressResolver.resolve(AbstractAddressResolver.java:106)
[2024-03-01T16:31:57.422+0000] {spark_submit.py:571} INFO - at io.netty.bootstrap.Bootstrap.doResolveAndConnect0(Bootstrap.java:220)
[2024-03-01T16:31:57.422+0000] {spark_submit.py:571} INFO - at io.netty.bootstrap.Bootstrap.access$000(Bootstrap.java:46)
[2024-03-01T16:31:57.422+0000] {spark_submit.py:571} INFO - at io.netty.bootstrap.Bootstrap$1.operationComplete(Bootstrap.java:189)
[2024-03-01T16:31:57.422+0000] {spark_submit.py:571} INFO - at io.netty.bootstrap.Bootstrap$1.operationComplete(Bootstrap.java:175)
[2024-03-01T16:31:57.422+0000] {spark_submit.py:571} INFO - at io.netty.util.concurrent.DefaultPromise.notifyListener0(DefaultPromise.java:590)
[2024-03-01T16:31:57.422+0000] {spark_submit.py:571} INFO - at io.netty.util.concurrent.DefaultPromise.notifyListenersNow(DefaultPromise.java:557)
[2024-03-01T16:31:57.423+0000] {spark_submit.py:571} INFO - at io.netty.util.concurrent.DefaultPromise.notifyListeners(DefaultPromise.java:492)
[2024-03-01T16:31:57.423+0000] {spark_submit.py:571} INFO - at io.netty.util.concurrent.DefaultPromise.setValue0(DefaultPromise.java:636)
[2024-03-01T16:31:57.423+0000] {spark_submit.py:571} INFO - at io.netty.util.concurrent.DefaultPromise.setSuccess0(DefaultPromise.java:625)
[2024-03-01T16:31:57.423+0000] {spark_submit.py:571} INFO - at io.netty.util.concurrent.DefaultPromise.trySuccess(DefaultPromise.java:105)
[2024-03-01T16:31:57.423+0000] {spark_submit.py:571} INFO - at io.netty.channel.DefaultChannelPromise.trySuccess(DefaultChannelPromise.java:84)
[2024-03-01T16:31:57.423+0000] {spark_submit.py:571} INFO - at io.netty.channel.AbstractChannel$AbstractUnsafe.safeSetSuccess(AbstractChannel.java:990)
[2024-03-01T16:31:57.423+0000] {spark_submit.py:571} INFO - at io.netty.channel.AbstractChannel$AbstractUnsafe.register0(AbstractChannel.java:516)
[2024-03-01T16:31:57.423+0000] {spark_submit.py:571} INFO - at io.netty.channel.AbstractChannel$AbstractUnsafe.access$200(AbstractChannel.java:429)
[2024-03-01T16:31:57.424+0000] {spark_submit.py:571} INFO - at io.netty.channel.AbstractChannel$AbstractUnsafe$1.run(AbstractChannel.java:486)
[2024-03-01T16:31:57.424+0000] {spark_submit.py:571} INFO - at io.netty.util.concurrent.AbstractEventExecutor.runTask(AbstractEventExecutor.java:174)
[2024-03-01T16:31:57.424+0000] {spark_submit.py:571} INFO - at io.netty.util.concurrent.AbstractEventExecutor.safeExecute(AbstractEventExecutor.java:167)
[2024-03-01T16:31:57.424+0000] {spark_submit.py:571} INFO - at io.netty.util.concurrent.SingleThreadEventExecutor.runAllTasks(SingleThreadEventExecutor.java:470)
[2024-03-01T16:31:57.424+0000] {spark_submit.py:571} INFO - at io.netty.channel.nio.NioEventLoop.run(NioEventLoop.java:569)
[2024-03-01T16:31:57.424+0000] {spark_submit.py:571} INFO - at io.netty.util.concurrent.SingleThreadEventExecutor$4.run(SingleThreadEventExecutor.java:997)
[2024-03-01T16:31:57.424+0000] {spark_submit.py:571} INFO - at io.netty.util.internal.ThreadExecutorMap$2.run(ThreadExecutorMap.java:74)
[2024-03-01T16:31:57.425+0000] {spark_submit.py:571} INFO - at io.netty.util.concurrent.FastThreadLocalRunnable.run(FastThreadLocalRunnable.java:30)
[2024-03-01T16:31:57.425+0000] {spark_submit.py:571} INFO - ... 1 more
[2024-03-01T16:32:17.168+0000] {spark_submit.py:571} INFO - 24/03/01 16:32:17 INFO StandaloneAppClient$ClientEndpoint: Connecting to master spark://spark-master-1:7077...
[2024-03-01T16:32:17.197+0000] {spark_submit.py:571} INFO - 24/03/01 16:32:17 WARN StandaloneAppClient$ClientEndpoint: Failed to connect to master spark-master-1:7077
[2024-03-01T16:32:17.197+0000] {spark_submit.py:571} INFO - org.apache.spark.SparkException: Exception thrown in awaitResult:
[2024-03-01T16:32:17.198+0000] {spark_submit.py:571} INFO - at org.apache.spark.util.SparkThreadUtils$.awaitResult(SparkThreadUtils.scala:56)
[2024-03-01T16:32:17.198+0000] {spark_submit.py:571} INFO - at org.apache.spark.util.ThreadUtils$.awaitResult(ThreadUtils.scala:310)
[2024-03-01T16:32:17.198+0000] {spark_submit.py:571} INFO - at org.apache.spark.rpc.RpcTimeout.awaitResult(RpcTimeout.scala:75)
[2024-03-01T16:32:17.198+0000] {spark_submit.py:571} INFO - at org.apache.spark.rpc.RpcEnv.setupEndpointRefByURI(RpcEnv.scala:102)
[2024-03-01T16:32:17.199+0000] {spark_submit.py:571} INFO - at org.apache.spark.rpc.RpcEnv.setupEndpointRef(RpcEnv.scala:110)
[2024-03-01T16:32:17.199+0000] {spark_submit.py:571} INFO - at org.apache.spark.deploy.client.StandaloneAppClient$ClientEndpoint$$anon$1.run(StandaloneAppClient.scala:108)
[2024-03-01T16:32:17.199+0000] {spark_submit.py:571} INFO - at java.base/java.util.concurrent.Executors$RunnableAdapter.call(Executors.java:515)
[2024-03-01T16:32:17.199+0000] {spark_submit.py:571} INFO - at java.base/java.util.concurrent.FutureTask.run(FutureTask.java:264)
[2024-03-01T16:32:17.200+0000] {spark_submit.py:571} INFO - at java.base/java.util.concurrent.ThreadPoolExecutor.runWorker(ThreadPoolExecutor.java:1128)
[2024-03-01T16:32:17.200+0000] {spark_submit.py:571} INFO - at java.base/java.util.concurrent.ThreadPoolExecutor$Worker.run(ThreadPoolExecutor.java:628)
[2024-03-01T16:32:17.200+0000] {spark_submit.py:571} INFO - at java.base/java.lang.Thread.run(Thread.java:829)
[2024-03-01T16:32:17.200+0000] {spark_submit.py:571} INFO - Caused by: java.io.IOException: Failed to connect to spark-master-1:7077
[2024-03-01T16:32:17.200+0000] {spark_submit.py:571} INFO - at org.apache.spark.network.client.TransportClientFactory.createClient(TransportClientFactory.java:294)
[2024-03-01T16:32:17.201+0000] {spark_submit.py:571} INFO - at org.apache.spark.network.client.TransportClientFactory.createClient(TransportClientFactory.java:214)
[2024-03-01T16:32:17.201+0000] {spark_submit.py:571} INFO - at org.apache.spark.network.client.TransportClientFactory.createClient(TransportClientFactory.java:226)
[2024-03-01T16:32:17.201+0000] {spark_submit.py:571} INFO - at org.apache.spark.rpc.netty.NettyRpcEnv.createClient(NettyRpcEnv.scala:204)
[2024-03-01T16:32:17.201+0000] {spark_submit.py:571} INFO - at org.apache.spark.rpc.netty.Outbox$$anon$1.call(Outbox.scala:202)
[2024-03-01T16:32:17.201+0000] {spark_submit.py:571} INFO - at org.apache.spark.rpc.netty.Outbox$$anon$1.call(Outbox.scala:198)
[2024-03-01T16:32:17.201+0000] {spark_submit.py:571} INFO - ... 4 more
[2024-03-01T16:32:17.202+0000] {spark_submit.py:571} INFO - Caused by: java.net.UnknownHostException: spark-master-1
[2024-03-01T16:32:17.202+0000] {spark_submit.py:571} INFO - at java.base/java.net.InetAddress$CachedAddresses.get(InetAddress.java:797)
[2024-03-01T16:32:17.202+0000] {spark_submit.py:571} INFO - at java.base/java.net.InetAddress.getAllByName0(InetAddress.java:1533)
[2024-03-01T16:32:17.202+0000] {spark_submit.py:571} INFO - at java.base/java.net.InetAddress.getAllByName(InetAddress.java:1386)
[2024-03-01T16:32:17.202+0000] {spark_submit.py:571} INFO - at java.base/java.net.InetAddress.getAllByName(InetAddress.java:1307)
[2024-03-01T16:32:17.203+0000] {spark_submit.py:571} INFO - at java.base/java.net.InetAddress.getByName(InetAddress.java:1257)
[2024-03-01T16:32:17.203+0000] {spark_submit.py:571} INFO - at io.netty.util.internal.SocketUtils$8.run(SocketUtils.java:156)
[2024-03-01T16:32:17.203+0000] {spark_submit.py:571} INFO - at io.netty.util.internal.SocketUtils$8.run(SocketUtils.java:153)
[2024-03-01T16:32:17.203+0000] {spark_submit.py:571} INFO - at java.base/java.security.AccessController.doPrivileged(Native Method)
[2024-03-01T16:32:17.203+0000] {spark_submit.py:571} INFO - at io.netty.util.internal.SocketUtils.addressByName(SocketUtils.java:153)
[2024-03-01T16:32:17.204+0000] {spark_submit.py:571} INFO - at io.netty.resolver.DefaultNameResolver.doResolve(DefaultNameResolver.java:41)
[2024-03-01T16:32:17.204+0000] {spark_submit.py:571} INFO - at io.netty.resolver.SimpleNameResolver.resolve(SimpleNameResolver.java:61)
[2024-03-01T16:32:17.204+0000] {spark_submit.py:571} INFO - at io.netty.resolver.SimpleNameResolver.resolve(SimpleNameResolver.java:53)
[2024-03-01T16:32:17.204+0000] {spark_submit.py:571} INFO - at io.netty.resolver.InetSocketAddressResolver.doResolve(InetSocketAddressResolver.java:55)
[2024-03-01T16:32:17.204+0000] {spark_submit.py:571} INFO - at io.netty.resolver.InetSocketAddressResolver.doResolve(InetSocketAddressResolver.java:31)
[2024-03-01T16:32:17.204+0000] {spark_submit.py:571} INFO - at io.netty.resolver.AbstractAddressResolver.resolve(AbstractAddressResolver.java:106)
[2024-03-01T16:32:17.205+0000] {spark_submit.py:571} INFO - at io.netty.bootstrap.Bootstrap.doResolveAndConnect0(Bootstrap.java:220)
[2024-03-01T16:32:17.205+0000] {spark_submit.py:571} INFO - at io.netty.bootstrap.Bootstrap.access$000(Bootstrap.java:46)
[2024-03-01T16:32:17.205+0000] {spark_submit.py:571} INFO - at io.netty.bootstrap.Bootstrap$1.operationComplete(Bootstrap.java:189)
[2024-03-01T16:32:17.205+0000] {spark_submit.py:571} INFO - at io.netty.bootstrap.Bootstrap$1.operationComplete(Bootstrap.java:175)
[2024-03-01T16:32:17.205+0000] {spark_submit.py:571} INFO - at io.netty.util.concurrent.DefaultPromise.notifyListener0(DefaultPromise.java:590)
[2024-03-01T16:32:17.205+0000] {spark_submit.py:571} INFO - at io.netty.util.concurrent.DefaultPromise.notifyListenersNow(DefaultPromise.java:557)
[2024-03-01T16:32:17.206+0000] {spark_submit.py:571} INFO - at io.netty.util.concurrent.DefaultPromise.notifyListeners(DefaultPromise.java:492)
[2024-03-01T16:32:17.206+0000] {spark_submit.py:571} INFO - at io.netty.util.concurrent.DefaultPromise.setValue0(DefaultPromise.java:636)
[2024-03-01T16:32:17.206+0000] {spark_submit.py:571} INFO - at io.netty.util.concurrent.DefaultPromise.setSuccess0(DefaultPromise.java:625)
[2024-03-01T16:32:17.206+0000] {spark_submit.py:571} INFO - at io.netty.util.concurrent.DefaultPromise.trySuccess(DefaultPromise.java:105)
[2024-03-01T16:32:17.206+0000] {spark_submit.py:571} INFO - at io.netty.channel.DefaultChannelPromise.trySuccess(DefaultChannelPromise.java:84)
[2024-03-01T16:32:17.206+0000] {spark_submit.py:571} INFO - at io.netty.channel.AbstractChannel$AbstractUnsafe.safeSetSuccess(AbstractChannel.java:990)
[2024-03-01T16:32:17.207+0000] {spark_submit.py:571} INFO - at io.netty.channel.AbstractChannel$AbstractUnsafe.register0(AbstractChannel.java:516)
[2024-03-01T16:32:17.207+0000] {spark_submit.py:571} INFO - at io.netty.channel.AbstractChannel$AbstractUnsafe.access$200(AbstractChannel.java:429)
[2024-03-01T16:32:17.207+0000] {spark_submit.py:571} INFO - at io.netty.channel.AbstractChannel$AbstractUnsafe$1.run(AbstractChannel.java:486)
[2024-03-01T16:32:17.207+0000] {spark_submit.py:571} INFO - at io.netty.util.concurrent.AbstractEventExecutor.runTask(AbstractEventExecutor.java:174)
[2024-03-01T16:32:17.207+0000] {spark_submit.py:571} INFO - at io.netty.util.concurrent.AbstractEventExecutor.safeExecute(AbstractEventExecutor.java:167)
[2024-03-01T16:32:17.207+0000] {spark_submit.py:571} INFO - at io.netty.util.concurrent.SingleThreadEventExecutor.runAllTasks(SingleThreadEventExecutor.java:470)
[2024-03-01T16:32:17.208+0000] {spark_submit.py:571} INFO - at io.netty.channel.nio.NioEventLoop.run(NioEventLoop.java:569)
[2024-03-01T16:32:17.208+0000] {spark_submit.py:571} INFO - at io.netty.util.concurrent.SingleThreadEventExecutor$4.run(SingleThreadEventExecutor.java:997)
[2024-03-01T16:32:17.208+0000] {spark_submit.py:571} INFO - at io.netty.util.internal.ThreadExecutorMap$2.run(ThreadExecutorMap.java:74)
[2024-03-01T16:32:17.208+0000] {spark_submit.py:571} INFO - at io.netty.util.concurrent.FastThreadLocalRunnable.run(FastThreadLocalRunnable.java:30)
[2024-03-01T16:32:17.208+0000] {spark_submit.py:571} INFO - ... 1 more
[2024-03-01T16:32:37.172+0000] {spark_submit.py:571} INFO - 24/03/01 16:32:37 INFO StandaloneAppClient$ClientEndpoint: Connecting to master spark://spark-master-1:7077...
[2024-03-01T16:32:37.214+0000] {spark_submit.py:571} INFO - 24/03/01 16:32:37 WARN StandaloneAppClient$ClientEndpoint: Failed to connect to master spark-master-1:7077
[2024-03-01T16:32:37.215+0000] {spark_submit.py:571} INFO - org.apache.spark.SparkException: Exception thrown in awaitResult:
[2024-03-01T16:32:37.215+0000] {spark_submit.py:571} INFO - at org.apache.spark.util.SparkThreadUtils$.awaitResult(SparkThreadUtils.scala:56)
[2024-03-01T16:32:37.215+0000] {spark_submit.py:571} INFO - at org.apache.spark.util.ThreadUtils$.awaitResult(ThreadUtils.scala:310)
[2024-03-01T16:32:37.215+0000] {spark_submit.py:571} INFO - at org.apache.spark.rpc.RpcTimeout.awaitResult(RpcTimeout.scala:75)
[2024-03-01T16:32:37.216+0000] {spark_submit.py:571} INFO - at org.apache.spark.rpc.RpcEnv.setupEndpointRefByURI(RpcEnv.scala:102)
[2024-03-01T16:32:37.216+0000] {spark_submit.py:571} INFO - at org.apache.spark.rpc.RpcEnv.setupEndpointRef(RpcEnv.scala:110)
[2024-03-01T16:32:37.216+0000] {spark_submit.py:571} INFO - at org.apache.spark.deploy.client.StandaloneAppClient$ClientEndpoint$$anon$1.run(StandaloneAppClient.scala:108)
[2024-03-01T16:32:37.216+0000] {spark_submit.py:571} INFO - at java.base/java.util.concurrent.Executors$RunnableAdapter.call(Executors.java:515)
[2024-03-01T16:32:37.216+0000] {spark_submit.py:571} INFO - at java.base/java.util.concurrent.FutureTask.run(FutureTask.java:264)
[2024-03-01T16:32:37.217+0000] {spark_submit.py:571} INFO - at java.base/java.util.concurrent.ThreadPoolExecutor.runWorker(ThreadPoolExecutor.java:1128)
[2024-03-01T16:32:37.217+0000] {spark_submit.py:571} INFO - at java.base/java.util.concurrent.ThreadPoolExecutor$Worker.run(ThreadPoolExecutor.java:628)
[2024-03-01T16:32:37.217+0000] {spark_submit.py:571} INFO - at java.base/java.lang.Thread.run(Thread.java:829)
[2024-03-01T16:32:37.217+0000] {spark_submit.py:571} INFO - Caused by: java.io.IOException: Failed to connect to spark-master-1:7077
[2024-03-01T16:32:37.217+0000] {spark_submit.py:571} INFO - at org.apache.spark.network.client.TransportClientFactory.createClient(TransportClientFactory.java:294)
[2024-03-01T16:32:37.217+0000] {spark_submit.py:571} INFO - at org.apache.spark.network.client.TransportClientFactory.createClient(TransportClientFactory.java:214)
[2024-03-01T16:32:37.218+0000] {spark_submit.py:571} INFO - at org.apache.spark.network.client.TransportClientFactory.createClient(TransportClientFactory.java:226)
[2024-03-01T16:32:37.218+0000] {spark_submit.py:571} INFO - at org.apache.spark.rpc.netty.NettyRpcEnv.createClient(NettyRpcEnv.scala:204)
[2024-03-01T16:32:37.218+0000] {spark_submit.py:571} INFO - at org.apache.spark.rpc.netty.Outbox$$anon$1.call(Outbox.scala:202)
[2024-03-01T16:32:37.218+0000] {spark_submit.py:571} INFO - at org.apache.spark.rpc.netty.Outbox$$anon$1.call(Outbox.scala:198)
[2024-03-01T16:32:37.218+0000] {spark_submit.py:571} INFO - ... 4 more
[2024-03-01T16:32:37.219+0000] {spark_submit.py:571} INFO - Caused by: java.net.UnknownHostException: spark-master-1
[2024-03-01T16:32:37.219+0000] {spark_submit.py:571} INFO - at java.base/java.net.InetAddress$CachedAddresses.get(InetAddress.java:797)
[2024-03-01T16:32:37.219+0000] {spark_submit.py:571} INFO - at java.base/java.net.InetAddress.getAllByName0(InetAddress.java:1533)
[2024-03-01T16:32:37.219+0000] {spark_submit.py:571} INFO - at java.base/java.net.InetAddress.getAllByName(InetAddress.java:1386)
[2024-03-01T16:32:37.219+0000] {spark_submit.py:571} INFO - at java.base/java.net.InetAddress.getAllByName(InetAddress.java:1307)
[2024-03-01T16:32:37.219+0000] {spark_submit.py:571} INFO - at java.base/java.net.InetAddress.getByName(InetAddress.java:1257)
[2024-03-01T16:32:37.220+0000] {spark_submit.py:571} INFO - at io.netty.util.internal.SocketUtils$8.run(SocketUtils.java:156)
[2024-03-01T16:32:37.220+0000] {spark_submit.py:571} INFO - at io.netty.util.internal.SocketUtils$8.run(SocketUtils.java:153)
[2024-03-01T16:32:37.220+0000] {spark_submit.py:571} INFO - at java.base/java.security.AccessController.doPrivileged(Native Method)
[2024-03-01T16:32:37.220+0000] {spark_submit.py:571} INFO - at io.netty.util.internal.SocketUtils.addressByName(SocketUtils.java:153)
[2024-03-01T16:32:37.220+0000] {spark_submit.py:571} INFO - at io.netty.resolver.DefaultNameResolver.doResolve(DefaultNameResolver.java:41)
[2024-03-01T16:32:37.220+0000] {spark_submit.py:571} INFO - at io.netty.resolver.SimpleNameResolver.resolve(SimpleNameResolver.java:61)
[2024-03-01T16:32:37.221+0000] {spark_submit.py:571} INFO - at io.netty.resolver.SimpleNameResolver.resolve(SimpleNameResolver.java:53)
[2024-03-01T16:32:37.221+0000] {spark_submit.py:571} INFO - at io.netty.resolver.InetSocketAddressResolver.doResolve(InetSocketAddressResolver.java:55)
[2024-03-01T16:32:37.221+0000] {spark_submit.py:571} INFO - at io.netty.resolver.InetSocketAddressResolver.doResolve(InetSocketAddressResolver.java:31)
[2024-03-01T16:32:37.221+0000] {spark_submit.py:571} INFO - at io.netty.resolver.AbstractAddressResolver.resolve(AbstractAddressResolver.java:106)
[2024-03-01T16:32:37.221+0000] {spark_submit.py:571} INFO - at io.netty.bootstrap.Bootstrap.doResolveAndConnect0(Bootstrap.java:220)
[2024-03-01T16:32:37.221+0000] {spark_submit.py:571} INFO - at io.netty.bootstrap.Bootstrap.access$000(Bootstrap.java:46)
[2024-03-01T16:32:37.222+0000] {spark_submit.py:571} INFO - at io.netty.bootstrap.Bootstrap$1.operationComplete(Bootstrap.java:189)
[2024-03-01T16:32:37.222+0000] {spark_submit.py:571} INFO - at io.netty.bootstrap.Bootstrap$1.operationComplete(Bootstrap.java:175)
[2024-03-01T16:32:37.222+0000] {spark_submit.py:571} INFO - at io.netty.util.concurrent.DefaultPromise.notifyListener0(DefaultPromise.java:590)
[2024-03-01T16:32:37.222+0000] {spark_submit.py:571} INFO - at io.netty.util.concurrent.DefaultPromise.notifyListenersNow(DefaultPromise.java:557)
[2024-03-01T16:32:37.222+0000] {spark_submit.py:571} INFO - at io.netty.util.concurrent.DefaultPromise.notifyListeners(DefaultPromise.java:492)
[2024-03-01T16:32:37.223+0000] {spark_submit.py:571} INFO - at io.netty.util.concurrent.DefaultPromise.setValue0(DefaultPromise.java:636)
[2024-03-01T16:32:37.223+0000] {spark_submit.py:571} INFO - at io.netty.util.concurrent.DefaultPromise.setSuccess0(DefaultPromise.java:625)
[2024-03-01T16:32:37.223+0000] {spark_submit.py:571} INFO - at io.netty.util.concurrent.DefaultPromise.trySuccess(DefaultPromise.java:105)
[2024-03-01T16:32:37.223+0000] {spark_submit.py:571} INFO - at io.netty.channel.DefaultChannelPromise.trySuccess(DefaultChannelPromise.java:84)
[2024-03-01T16:32:37.223+0000] {spark_submit.py:571} INFO - at io.netty.channel.AbstractChannel$AbstractUnsafe.safeSetSuccess(AbstractChannel.java:990)
[2024-03-01T16:32:37.223+0000] {spark_submit.py:571} INFO - at io.netty.channel.AbstractChannel$AbstractUnsafe.register0(AbstractChannel.java:516)
[2024-03-01T16:32:37.224+0000] {spark_submit.py:571} INFO - at io.netty.channel.AbstractChannel$AbstractUnsafe.access$200(AbstractChannel.java:429)
[2024-03-01T16:32:37.224+0000] {spark_submit.py:571} INFO - at io.netty.channel.AbstractChannel$AbstractUnsafe$1.run(AbstractChannel.java:486)
[2024-03-01T16:32:37.224+0000] {spark_submit.py:571} INFO - at io.netty.util.concurrent.AbstractEventExecutor.runTask(AbstractEventExecutor.java:174)
[2024-03-01T16:32:37.224+0000] {spark_submit.py:571} INFO - at io.netty.util.concurrent.AbstractEventExecutor.safeExecute(AbstractEventExecutor.java:167)
[2024-03-01T16:32:37.224+0000] {spark_submit.py:571} INFO - at io.netty.util.concurrent.SingleThreadEventExecutor.runAllTasks(SingleThreadEventExecutor.java:470)
[2024-03-01T16:32:37.224+0000] {spark_submit.py:571} INFO - at io.netty.channel.nio.NioEventLoop.run(NioEventLoop.java:569)
[2024-03-01T16:32:37.225+0000] {spark_submit.py:571} INFO - at io.netty.util.concurrent.SingleThreadEventExecutor$4.run(SingleThreadEventExecutor.java:997)
[2024-03-01T16:32:37.225+0000] {spark_submit.py:571} INFO - at io.netty.util.internal.ThreadExecutorMap$2.run(ThreadExecutorMap.java:74)
[2024-03-01T16:32:37.225+0000] {spark_submit.py:571} INFO - at io.netty.util.concurrent.FastThreadLocalRunnable.run(FastThreadLocalRunnable.java:30)
[2024-03-01T16:32:37.225+0000] {spark_submit.py:571} INFO - ... 1 more
[2024-03-01T16:32:57.197+0000] {spark_submit.py:571} INFO - 24/03/01 16:32:57 WARN StandaloneSchedulerBackend: Application ID is not initialized yet.
[2024-03-01T16:32:57.204+0000] {spark_submit.py:571} INFO - 24/03/01 16:32:57 ERROR StandaloneSchedulerBackend: Application has been killed. Reason: All masters are unresponsive! Giving up.
[2024-03-01T16:32:57.244+0000] {spark_submit.py:571} INFO - 24/03/01 16:32:57 INFO Utils: Successfully started service 'org.apache.spark.network.netty.NettyBlockTransferService' on port 37935.
[2024-03-01T16:32:57.245+0000] {spark_submit.py:571} INFO - 24/03/01 16:32:57 INFO NettyBlockTransferService: Server created on b9fb92cd2ef4:37935
[2024-03-01T16:32:57.247+0000] {spark_submit.py:571} INFO - 24/03/01 16:32:57 INFO BlockManager: Using org.apache.spark.storage.RandomBlockReplicationPolicy for block replication policy
[2024-03-01T16:32:57.256+0000] {spark_submit.py:571} INFO - 24/03/01 16:32:57 INFO BlockManagerMaster: Registering BlockManager BlockManagerId(driver, b9fb92cd2ef4, 37935, None)
[2024-03-01T16:32:57.261+0000] {spark_submit.py:571} INFO - 24/03/01 16:32:57 INFO BlockManagerMasterEndpoint: Registering block manager b9fb92cd2ef4:37935 with 434.4 MiB RAM, BlockManagerId(driver, b9fb92cd2ef4, 37935, None)
[2024-03-01T16:32:57.266+0000] {spark_submit.py:571} INFO - 24/03/01 16:32:57 INFO BlockManagerMaster: Registered BlockManager BlockManagerId(driver, b9fb92cd2ef4, 37935, None)
[2024-03-01T16:32:57.271+0000] {spark_submit.py:571} INFO - 24/03/01 16:32:57 INFO BlockManager: Initialized BlockManager: BlockManagerId(driver, b9fb92cd2ef4, 37935, None)
[2024-03-01T16:32:57.677+0000] {spark_submit.py:571} INFO - 24/03/01 16:32:57 INFO StandaloneSchedulerBackend: SchedulerBackend is ready for scheduling beginning after reached minRegisteredResourcesRatio: 0.0
[2024-03-01T16:32:58.100+0000] {spark_submit.py:571} INFO - 24/03/01 16:32:58 INFO SparkContext: SparkContext is stopping with exitCode 0.
[2024-03-01T16:32:58.140+0000] {spark_submit.py:571} INFO - 24/03/01 16:32:58 INFO SparkUI: Stopped Spark web UI at http://b9fb92cd2ef4:4041
[2024-03-01T16:32:58.151+0000] {spark_submit.py:571} INFO - 24/03/01 16:32:58 INFO StandaloneSchedulerBackend: Shutting down all executors
[2024-03-01T16:32:58.175+0000] {spark_submit.py:571} INFO - 24/03/01 16:32:58 INFO StandaloneSchedulerBackend$StandaloneDriverEndpoint: Asking each executor to shut down
[2024-03-01T16:32:58.186+0000] {spark_submit.py:571} INFO - 24/03/01 16:32:58 WARN StandaloneAppClient$ClientEndpoint: Drop UnregisterApplication(null) because has not yet connected to master
[2024-03-01T16:32:58.202+0000] {spark_submit.py:571} INFO - 24/03/01 16:32:58 INFO MapOutputTrackerMasterEndpoint: MapOutputTrackerMasterEndpoint stopped!
[2024-03-01T16:32:58.267+0000] {spark_submit.py:571} INFO - 24/03/01 16:32:58 INFO MemoryStore: MemoryStore cleared
[2024-03-01T16:32:58.268+0000] {spark_submit.py:571} INFO - 24/03/01 16:32:58 INFO BlockManager: BlockManager stopped
[2024-03-01T16:32:58.276+0000] {spark_submit.py:571} INFO - Traceback (most recent call last):
[2024-03-01T16:32:58.277+0000] {spark_submit.py:571} INFO - File "/opt/***/jobs/test.py", line 7, in <module>
[2024-03-01T16:32:58.278+0000] {spark_submit.py:571} INFO - words = spark.sparkContext.parallelize(text.split(" "))
[2024-03-01T16:32:58.278+0000] {spark_submit.py:571} INFO - ^^^^^^^^^^^^^^^^^^^^^^^^^^^^^^^^^^^^^^^^^^^^^^^
[2024-03-01T16:32:58.280+0000] {spark_submit.py:571} INFO - File "/home/***/.local/lib/python3.11/site-packages/pyspark/python/lib/pyspark.zip/pyspark/context.py", line 824, in parallelize
[2024-03-01T16:32:58.281+0000] {spark_submit.py:571} INFO - 24/03/01 16:32:58 INFO BlockManagerMaster: BlockManagerMaster stopped
[2024-03-01T16:32:58.283+0000] {spark_submit.py:571} INFO - File "/home/***/.local/lib/python3.11/site-packages/pyspark/python/lib/pyspark.zip/pyspark/context.py", line 870, in _serialize_to_jvm
[2024-03-01T16:32:58.284+0000] {spark_submit.py:571} INFO - File "/home/***/.local/lib/python3.11/site-packages/pyspark/python/lib/pyspark.zip/pyspark/context.py", line 818, in reader_func
[2024-03-01T16:32:58.285+0000] {spark_submit.py:571} INFO - File "/home/***/.local/lib/python3.11/site-packages/pyspark/python/lib/py4j-0.10.9.7-src.zip/py4j/java_gateway.py", line 1322, in __call__
[2024-03-01T16:32:58.285+0000] {spark_submit.py:571} INFO - File "/home/***/.local/lib/python3.11/site-packages/pyspark/python/lib/pyspark.zip/pyspark/errors/exceptions/captured.py", line 179, in deco
[2024-03-01T16:32:58.286+0000] {spark_submit.py:571} INFO - 24/03/01 16:32:58 INFO OutputCommitCoordinator$OutputCommitCoordinatorEndpoint: OutputCommitCoordinator stopped!
[2024-03-01T16:32:58.286+0000] {spark_submit.py:571} INFO - File "/home/***/.local/lib/python3.11/site-packages/pyspark/python/lib/py4j-0.10.9.7-src.zip/py4j/protocol.py", line 326, in get_return_value
[2024-03-01T16:32:58.290+0000] {spark_submit.py:571} INFO - py4j.protocol.Py4JJavaError: An error occurred while calling z:org.apache.spark.api.python.PythonRDD.readRDDFromFile.
[2024-03-01T16:32:58.290+0000] {spark_submit.py:571} INFO - : java.lang.IllegalStateException: Cannot call methods on a stopped SparkContext.
[2024-03-01T16:32:58.291+0000] {spark_submit.py:571} INFO - This stopped SparkContext was created at:
[2024-03-01T16:32:58.292+0000] {spark_submit.py:571} INFO - 
[2024-03-01T16:32:58.292+0000] {spark_submit.py:571} INFO - org.apache.spark.api.java.JavaSparkContext.<init>(JavaSparkContext.scala:58)
[2024-03-01T16:32:58.292+0000] {spark_submit.py:571} INFO - java.base/jdk.internal.reflect.NativeConstructorAccessorImpl.newInstance0(Native Method)
[2024-03-01T16:32:58.293+0000] {spark_submit.py:571} INFO - java.base/jdk.internal.reflect.NativeConstructorAccessorImpl.newInstance(NativeConstructorAccessorImpl.java:62)
[2024-03-01T16:32:58.294+0000] {spark_submit.py:571} INFO - java.base/jdk.internal.reflect.DelegatingConstructorAccessorImpl.newInstance(DelegatingConstructorAccessorImpl.java:45)
[2024-03-01T16:32:58.295+0000] {spark_submit.py:571} INFO - java.base/java.lang.reflect.Constructor.newInstance(Constructor.java:490)
[2024-03-01T16:32:58.295+0000] {spark_submit.py:571} INFO - py4j.reflection.MethodInvoker.invoke(MethodInvoker.java:247)
[2024-03-01T16:32:58.296+0000] {spark_submit.py:571} INFO - py4j.reflection.ReflectionEngine.invoke(ReflectionEngine.java:374)
[2024-03-01T16:32:58.297+0000] {spark_submit.py:571} INFO - py4j.Gateway.invoke(Gateway.java:238)
[2024-03-01T16:32:58.298+0000] {spark_submit.py:571} INFO - py4j.commands.ConstructorCommand.invokeConstructor(ConstructorCommand.java:80)
[2024-03-01T16:32:58.300+0000] {spark_submit.py:571} INFO - py4j.commands.ConstructorCommand.execute(ConstructorCommand.java:69)
[2024-03-01T16:32:58.302+0000] {spark_submit.py:571} INFO - py4j.ClientServerConnection.waitForCommands(ClientServerConnection.java:182)
[2024-03-01T16:32:58.303+0000] {spark_submit.py:571} INFO - py4j.ClientServerConnection.run(ClientServerConnection.java:106)
[2024-03-01T16:32:58.303+0000] {spark_submit.py:571} INFO - java.base/java.lang.Thread.run(Thread.java:829)
[2024-03-01T16:32:58.305+0000] {spark_submit.py:571} INFO - 
[2024-03-01T16:32:58.308+0000] {spark_submit.py:571} INFO - The currently active SparkContext was created at:
[2024-03-01T16:32:58.309+0000] {spark_submit.py:571} INFO - 
[2024-03-01T16:32:58.309+0000] {spark_submit.py:571} INFO - org.apache.spark.api.java.JavaSparkContext.<init>(JavaSparkContext.scala:58)
[2024-03-01T16:32:58.309+0000] {spark_submit.py:571} INFO - java.base/jdk.internal.reflect.NativeConstructorAccessorImpl.newInstance0(Native Method)
[2024-03-01T16:32:58.310+0000] {spark_submit.py:571} INFO - java.base/jdk.internal.reflect.NativeConstructorAccessorImpl.newInstance(NativeConstructorAccessorImpl.java:62)
[2024-03-01T16:32:58.310+0000] {spark_submit.py:571} INFO - java.base/jdk.internal.reflect.DelegatingConstructorAccessorImpl.newInstance(DelegatingConstructorAccessorImpl.java:45)
[2024-03-01T16:32:58.311+0000] {spark_submit.py:571} INFO - java.base/java.lang.reflect.Constructor.newInstance(Constructor.java:490)
[2024-03-01T16:32:58.311+0000] {spark_submit.py:571} INFO - py4j.reflection.MethodInvoker.invoke(MethodInvoker.java:247)
[2024-03-01T16:32:58.312+0000] {spark_submit.py:571} INFO - py4j.reflection.ReflectionEngine.invoke(ReflectionEngine.java:374)
[2024-03-01T16:32:58.312+0000] {spark_submit.py:571} INFO - py4j.Gateway.invoke(Gateway.java:238)
[2024-03-01T16:32:58.313+0000] {spark_submit.py:571} INFO - py4j.commands.ConstructorCommand.invokeConstructor(ConstructorCommand.java:80)
[2024-03-01T16:32:58.313+0000] {spark_submit.py:571} INFO - py4j.commands.ConstructorCommand.execute(ConstructorCommand.java:69)
[2024-03-01T16:32:58.313+0000] {spark_submit.py:571} INFO - py4j.ClientServerConnection.waitForCommands(ClientServerConnection.java:182)
[2024-03-01T16:32:58.314+0000] {spark_submit.py:571} INFO - py4j.ClientServerConnection.run(ClientServerConnection.java:106)
[2024-03-01T16:32:58.314+0000] {spark_submit.py:571} INFO - java.base/java.lang.Thread.run(Thread.java:829)
[2024-03-01T16:32:58.314+0000] {spark_submit.py:571} INFO - 
[2024-03-01T16:32:58.315+0000] {spark_submit.py:571} INFO - at org.apache.spark.SparkContext.assertNotStopped(SparkContext.scala:122)
[2024-03-01T16:32:58.315+0000] {spark_submit.py:571} INFO - at org.apache.spark.SparkContext.$anonfun$parallelize$1(SparkContext.scala:942)
[2024-03-01T16:32:58.316+0000] {spark_submit.py:571} INFO - at org.apache.spark.rdd.RDDOperationScope$.withScope(RDDOperationScope.scala:151)
[2024-03-01T16:32:58.316+0000] {spark_submit.py:571} INFO - at org.apache.spark.rdd.RDDOperationScope$.withScope(RDDOperationScope.scala:112)
[2024-03-01T16:32:58.316+0000] {spark_submit.py:571} INFO - at org.apache.spark.SparkContext.withScope(SparkContext.scala:924)
[2024-03-01T16:32:58.317+0000] {spark_submit.py:571} INFO - at org.apache.spark.SparkContext.parallelize(SparkContext.scala:941)
[2024-03-01T16:32:58.317+0000] {spark_submit.py:571} INFO - at org.apache.spark.api.java.JavaRDD$.readRDDFromInputStream(JavaRDD.scala:259)
[2024-03-01T16:32:58.318+0000] {spark_submit.py:571} INFO - at org.apache.spark.api.java.JavaRDD$.readRDDFromFile(JavaRDD.scala:239)
[2024-03-01T16:32:58.318+0000] {spark_submit.py:571} INFO - at org.apache.spark.api.python.PythonRDD$.readRDDFromFile(PythonRDD.scala:289)
[2024-03-01T16:32:58.318+0000] {spark_submit.py:571} INFO - at org.apache.spark.api.python.PythonRDD.readRDDFromFile(PythonRDD.scala)
[2024-03-01T16:32:58.319+0000] {spark_submit.py:571} INFO - at java.base/jdk.internal.reflect.NativeMethodAccessorImpl.invoke0(Native Method)
[2024-03-01T16:32:58.320+0000] {spark_submit.py:571} INFO - at java.base/jdk.internal.reflect.NativeMethodAccessorImpl.invoke(NativeMethodAccessorImpl.java:62)
[2024-03-01T16:32:58.320+0000] {spark_submit.py:571} INFO - at java.base/jdk.internal.reflect.DelegatingMethodAccessorImpl.invoke(DelegatingMethodAccessorImpl.java:43)
[2024-03-01T16:32:58.320+0000] {spark_submit.py:571} INFO - at java.base/java.lang.reflect.Method.invoke(Method.java:566)
[2024-03-01T16:32:58.321+0000] {spark_submit.py:571} INFO - at py4j.reflection.MethodInvoker.invoke(MethodInvoker.java:244)
[2024-03-01T16:32:58.321+0000] {spark_submit.py:571} INFO - at py4j.reflection.ReflectionEngine.invoke(ReflectionEngine.java:374)
[2024-03-01T16:32:58.321+0000] {spark_submit.py:571} INFO - at py4j.Gateway.invoke(Gateway.java:282)
[2024-03-01T16:32:58.322+0000] {spark_submit.py:571} INFO - at py4j.commands.AbstractCommand.invokeMethod(AbstractCommand.java:132)
[2024-03-01T16:32:58.322+0000] {spark_submit.py:571} INFO - at py4j.commands.CallCommand.execute(CallCommand.java:79)
[2024-03-01T16:32:58.322+0000] {spark_submit.py:571} INFO - at py4j.ClientServerConnection.waitForCommands(ClientServerConnection.java:182)
[2024-03-01T16:32:58.323+0000] {spark_submit.py:571} INFO - at py4j.ClientServerConnection.run(ClientServerConnection.java:106)
[2024-03-01T16:32:58.323+0000] {spark_submit.py:571} INFO - at java.base/java.lang.Thread.run(Thread.java:829)
[2024-03-01T16:32:58.324+0000] {spark_submit.py:571} INFO - 
[2024-03-01T16:32:58.325+0000] {spark_submit.py:571} INFO - 24/03/01 16:32:58 INFO SparkContext: Successfully stopped SparkContext
[2024-03-01T16:32:58.380+0000] {spark_submit.py:571} INFO - 24/03/01 16:32:58 INFO ShutdownHookManager: Shutdown hook called
[2024-03-01T16:32:58.381+0000] {spark_submit.py:571} INFO - 24/03/01 16:32:58 INFO ShutdownHookManager: Deleting directory /tmp/spark-5d344939-fc05-429f-9f90-8d56ff3b26a6
[2024-03-01T16:32:58.384+0000] {spark_submit.py:571} INFO - 24/03/01 16:32:58 INFO ShutdownHookManager: Deleting directory /tmp/spark-410550e1-bb99-4ff9-8156-bbb8646815a4
[2024-03-01T16:32:58.387+0000] {spark_submit.py:571} INFO - 24/03/01 16:32:58 INFO ShutdownHookManager: Deleting directory /tmp/spark-410550e1-bb99-4ff9-8156-bbb8646815a4/pyspark-e062a0a0-101e-4d2a-9f59-58a641052b6f
[2024-03-01T16:32:58.442+0000] {taskinstance.py:1935} ERROR - Task failed with exception
Traceback (most recent call last):
  File "/home/airflow/.local/lib/python3.11/site-packages/airflow/providers/apache/spark/operators/spark_submit.py", line 174, in execute
    self._hook.submit(self._application)
  File "/home/airflow/.local/lib/python3.11/site-packages/airflow/providers/apache/spark/hooks/spark_submit.py", line 502, in submit
    raise AirflowException(
airflow.exceptions.AirflowException: Cannot execute: spark-submit --master spark://spark-master-1:7077 --name arrow-spark --deploy-mode client jobs/test.py. Error code is: 1.
[2024-03-01T16:32:58.458+0000] {taskinstance.py:1398} INFO - Marking task as FAILED. dag_id=sparking_flow, task_id=python_job, execution_date=20240229T000000, start_date=20240301T163151, end_date=20240301T163258
[2024-03-01T16:32:58.479+0000] {standard_task_runner.py:104} ERROR - Failed to execute job 5 for task python_job (Cannot execute: spark-submit --master spark://spark-master-1:7077 --name arrow-spark --deploy-mode client jobs/test.py. Error code is: 1.; 242)
[2024-03-01T16:32:58.519+0000] {local_task_job_runner.py:228} INFO - Task exited with return code 1
[2024-03-01T16:32:58.544+0000] {taskinstance.py:2776} INFO - 0 downstream tasks scheduled from follow-on schedule check
