[2024-03-01T03:34:09.484+0000] {manager.py:487} INFO - Processing files using up to 2 processes at a time 
[2024-03-01T03:34:09.485+0000] {manager.py:488} INFO - Process each file at most once every 30 seconds
[2024-03-01T03:34:09.486+0000] {manager.py:489} INFO - Checking for new files in /opt/airflow/dags every 300 seconds
[2024-03-01T03:34:09.487+0000] {manager.py:759} INFO - Searching for files in /opt/airflow/dags
[2024-03-01T03:34:09.490+0000] {manager.py:762} INFO - There are 0 files in /opt/airflow/dags
[2024-03-01T03:38:07.127+0000] {manager.py:469} INFO - Exiting gracefully upon receiving signal 15
[2024-03-01T03:38:45.059+0000] {manager.py:487} INFO - Processing files using up to 2 processes at a time 
[2024-03-01T03:38:45.060+0000] {manager.py:488} INFO - Process each file at most once every 30 seconds
[2024-03-01T03:38:45.060+0000] {manager.py:489} INFO - Checking for new files in /opt/airflow/dags every 300 seconds
[2024-03-01T03:38:45.061+0000] {manager.py:759} INFO - Searching for files in /opt/airflow/dags
[2024-03-01T03:38:45.062+0000] {manager.py:762} INFO - There are 0 files in /opt/airflow/dags
[2024-03-01T03:40:19.201+0000] {manager.py:469} INFO - Exiting gracefully upon receiving signal 15
[2024-03-01T03:40:36.210+0000] {manager.py:487} INFO - Processing files using up to 2 processes at a time 
[2024-03-01T03:40:36.210+0000] {manager.py:488} INFO - Process each file at most once every 30 seconds
[2024-03-01T03:40:36.211+0000] {manager.py:489} INFO - Checking for new files in /opt/airflow/dags every 300 seconds
[2024-03-01T03:40:36.211+0000] {manager.py:759} INFO - Searching for files in /opt/airflow/dags
[2024-03-01T03:40:36.212+0000] {manager.py:762} INFO - There are 0 files in /opt/airflow/dags
[2024-03-01T04:43:40.911+0000] {manager.py:487} INFO - Processing files using up to 2 processes at a time 
[2024-03-01T04:43:40.912+0000] {manager.py:488} INFO - Process each file at most once every 30 seconds
[2024-03-01T04:43:40.912+0000] {manager.py:489} INFO - Checking for new files in /opt/airflow/dags every 300 seconds
[2024-03-01T04:43:40.912+0000] {manager.py:759} INFO - Searching for files in /opt/airflow/dags
[2024-03-01T04:43:40.913+0000] {manager.py:762} INFO - There are 0 files in /opt/airflow/dags
[2024-03-01T04:48:41.578+0000] {manager.py:759} INFO - Searching for files in /opt/airflow/dags
[2024-03-01T04:48:41.587+0000] {manager.py:762} INFO - There are 0 files in /opt/airflow/dags
[2024-03-01T04:53:42.118+0000] {manager.py:759} INFO - Searching for files in /opt/airflow/dags
[2024-03-01T04:53:42.127+0000] {manager.py:762} INFO - There are 0 files in /opt/airflow/dags
[2024-03-01T04:58:42.460+0000] {manager.py:759} INFO - Searching for files in /opt/airflow/dags
[2024-03-01T04:58:42.469+0000] {manager.py:762} INFO - There are 0 files in /opt/airflow/dags
[2024-03-01T05:03:42.608+0000] {manager.py:759} INFO - Searching for files in /opt/airflow/dags
[2024-03-01T05:03:42.615+0000] {manager.py:762} INFO - There are 0 files in /opt/airflow/dags
[2024-03-01T05:08:42.699+0000] {manager.py:759} INFO - Searching for files in /opt/airflow/dags
[2024-03-01T05:08:42.706+0000] {manager.py:762} INFO - There are 0 files in /opt/airflow/dags
[2024-03-01T05:13:43.052+0000] {manager.py:759} INFO - Searching for files in /opt/airflow/dags
[2024-03-01T05:13:43.059+0000] {manager.py:762} INFO - There are 0 files in /opt/airflow/dags
[2024-03-01T05:18:43.522+0000] {manager.py:759} INFO - Searching for files in /opt/airflow/dags
[2024-03-01T05:18:43.534+0000] {manager.py:762} INFO - There are 0 files in /opt/airflow/dags
[2024-03-01T05:23:44.090+0000] {manager.py:759} INFO - Searching for files in /opt/airflow/dags
[2024-03-01T05:23:44.097+0000] {manager.py:762} INFO - There are 0 files in /opt/airflow/dags
[2024-03-01T05:28:44.486+0000] {manager.py:759} INFO - Searching for files in /opt/airflow/dags
[2024-03-01T05:28:44.493+0000] {manager.py:762} INFO - There are 0 files in /opt/airflow/dags
[2024-03-01T05:33:45.276+0000] {manager.py:759} INFO - Searching for files in /opt/airflow/dags
[2024-03-01T05:33:45.286+0000] {manager.py:762} INFO - There are 0 files in /opt/airflow/dags
[2024-03-01T05:38:46.265+0000] {manager.py:759} INFO - Searching for files in /opt/airflow/dags
[2024-03-01T05:38:46.273+0000] {manager.py:762} INFO - There are 0 files in /opt/airflow/dags
[2024-03-01T05:43:46.947+0000] {manager.py:759} INFO - Searching for files in /opt/airflow/dags
[2024-03-01T05:43:46.955+0000] {manager.py:762} INFO - There are 0 files in /opt/airflow/dags
[2024-03-01T05:48:47.197+0000] {manager.py:759} INFO - Searching for files in /opt/airflow/dags
[2024-03-01T05:48:47.202+0000] {manager.py:762} INFO - There are 0 files in /opt/airflow/dags
[2024-03-01T05:53:47.603+0000] {manager.py:759} INFO - Searching for files in /opt/airflow/dags
[2024-03-01T05:53:47.612+0000] {manager.py:762} INFO - There are 0 files in /opt/airflow/dags
[2024-03-01T05:58:48.110+0000] {manager.py:759} INFO - Searching for files in /opt/airflow/dags
[2024-03-01T05:58:48.119+0000] {manager.py:762} INFO - There are 0 files in /opt/airflow/dags
[2024-03-01T06:03:48.687+0000] {manager.py:759} INFO - Searching for files in /opt/airflow/dags
[2024-03-01T06:03:48.695+0000] {manager.py:762} INFO - There are 0 files in /opt/airflow/dags
[2024-03-01T06:08:49.410+0000] {manager.py:759} INFO - Searching for files in /opt/airflow/dags
[2024-03-01T06:08:49.419+0000] {manager.py:762} INFO - There are 0 files in /opt/airflow/dags
[2024-03-01T06:13:49.930+0000] {manager.py:759} INFO - Searching for files in /opt/airflow/dags
[2024-03-01T06:13:49.937+0000] {manager.py:762} INFO - There are 0 files in /opt/airflow/dags
[2024-03-01T06:18:50.572+0000] {manager.py:759} INFO - Searching for files in /opt/airflow/dags
[2024-03-01T06:18:50.577+0000] {manager.py:762} INFO - There are 0 files in /opt/airflow/dags
[2024-03-01T06:23:50.937+0000] {manager.py:759} INFO - Searching for files in /opt/airflow/dags
[2024-03-01T06:23:50.943+0000] {manager.py:762} INFO - There are 0 files in /opt/airflow/dags
[2024-03-01T06:28:51.516+0000] {manager.py:759} INFO - Searching for files in /opt/airflow/dags
[2024-03-01T06:28:51.523+0000] {manager.py:762} INFO - There are 0 files in /opt/airflow/dags
[2024-03-01T06:33:51.861+0000] {manager.py:759} INFO - Searching for files in /opt/airflow/dags
[2024-03-01T06:33:51.868+0000] {manager.py:762} INFO - There are 0 files in /opt/airflow/dags
[2024-03-01T06:38:52.260+0000] {manager.py:759} INFO - Searching for files in /opt/airflow/dags
[2024-03-01T06:38:52.268+0000] {manager.py:762} INFO - There are 0 files in /opt/airflow/dags
[2024-03-01T06:43:52.690+0000] {manager.py:759} INFO - Searching for files in /opt/airflow/dags
[2024-03-01T06:43:52.695+0000] {manager.py:762} INFO - There are 0 files in /opt/airflow/dags
[2024-03-01T06:48:52.986+0000] {manager.py:759} INFO - Searching for files in /opt/airflow/dags
[2024-03-01T06:48:52.998+0000] {manager.py:762} INFO - There are 0 files in /opt/airflow/dags
[2024-03-01T06:53:53.266+0000] {manager.py:759} INFO - Searching for files in /opt/airflow/dags
[2024-03-01T06:53:53.274+0000] {manager.py:762} INFO - There are 0 files in /opt/airflow/dags
[2024-03-01T06:58:53.687+0000] {manager.py:759} INFO - Searching for files in /opt/airflow/dags
[2024-03-01T06:58:53.692+0000] {manager.py:762} INFO - There are 0 files in /opt/airflow/dags
[2024-03-01T07:03:54.082+0000] {manager.py:759} INFO - Searching for files in /opt/airflow/dags
[2024-03-01T07:03:54.090+0000] {manager.py:762} INFO - There are 0 files in /opt/airflow/dags
[2024-03-01T07:08:54.574+0000] {manager.py:759} INFO - Searching for files in /opt/airflow/dags
[2024-03-01T07:08:54.581+0000] {manager.py:762} INFO - There are 0 files in /opt/airflow/dags
[2024-03-01T07:13:55.082+0000] {manager.py:759} INFO - Searching for files in /opt/airflow/dags
[2024-03-01T07:13:55.087+0000] {manager.py:762} INFO - There are 0 files in /opt/airflow/dags
[2024-03-01T07:18:55.523+0000] {manager.py:759} INFO - Searching for files in /opt/airflow/dags
[2024-03-01T07:18:55.585+0000] {manager.py:762} INFO - There are 0 files in /opt/airflow/dags
[2024-03-01T07:23:56.092+0000] {manager.py:759} INFO - Searching for files in /opt/airflow/dags
[2024-03-01T07:23:56.101+0000] {manager.py:762} INFO - There are 0 files in /opt/airflow/dags
[2024-03-01T07:28:56.576+0000] {manager.py:759} INFO - Searching for files in /opt/airflow/dags
[2024-03-01T07:28:56.584+0000] {manager.py:762} INFO - There are 0 files in /opt/airflow/dags
[2024-03-01T07:33:56.985+0000] {manager.py:759} INFO - Searching for files in /opt/airflow/dags
[2024-03-01T07:33:56.993+0000] {manager.py:762} INFO - There are 0 files in /opt/airflow/dags
[2024-03-01T07:38:57.601+0000] {manager.py:759} INFO - Searching for files in /opt/airflow/dags
[2024-03-01T07:38:57.612+0000] {manager.py:762} INFO - There are 0 files in /opt/airflow/dags
[2024-03-01T07:43:58.177+0000] {manager.py:759} INFO - Searching for files in /opt/airflow/dags
[2024-03-01T07:43:58.187+0000] {manager.py:762} INFO - There are 0 files in /opt/airflow/dags
[2024-03-01T07:48:58.716+0000] {manager.py:759} INFO - Searching for files in /opt/airflow/dags
[2024-03-01T07:48:58.722+0000] {manager.py:762} INFO - There are 0 files in /opt/airflow/dags
[2024-03-01T07:53:59.181+0000] {manager.py:759} INFO - Searching for files in /opt/airflow/dags
[2024-03-01T07:53:59.189+0000] {manager.py:762} INFO - There are 0 files in /opt/airflow/dags
[2024-03-01T07:58:59.652+0000] {manager.py:759} INFO - Searching for files in /opt/airflow/dags
[2024-03-01T07:58:59.657+0000] {manager.py:762} INFO - There are 0 files in /opt/airflow/dags
[2024-03-01T08:04:00.277+0000] {manager.py:759} INFO - Searching for files in /opt/airflow/dags
[2024-03-01T08:04:00.291+0000] {manager.py:762} INFO - There are 0 files in /opt/airflow/dags
[2024-03-01T08:09:01.010+0000] {manager.py:759} INFO - Searching for files in /opt/airflow/dags
[2024-03-01T08:09:01.022+0000] {manager.py:762} INFO - There are 0 files in /opt/airflow/dags
[2024-03-01T08:14:01.920+0000] {manager.py:759} INFO - Searching for files in /opt/airflow/dags
[2024-03-01T08:14:01.930+0000] {manager.py:762} INFO - There are 0 files in /opt/airflow/dags
[2024-03-01T08:19:02.779+0000] {manager.py:759} INFO - Searching for files in /opt/airflow/dags
[2024-03-01T08:19:02.788+0000] {manager.py:762} INFO - There are 0 files in /opt/airflow/dags
[2024-03-01T08:24:03.425+0000] {manager.py:759} INFO - Searching for files in /opt/airflow/dags
[2024-03-01T08:24:03.435+0000] {manager.py:762} INFO - There are 0 files in /opt/airflow/dags
[2024-03-01T08:29:04.164+0000] {manager.py:759} INFO - Searching for files in /opt/airflow/dags
[2024-03-01T08:29:04.171+0000] {manager.py:762} INFO - There are 0 files in /opt/airflow/dags
[2024-03-01T08:34:04.431+0000] {manager.py:759} INFO - Searching for files in /opt/airflow/dags
[2024-03-01T08:34:04.439+0000] {manager.py:762} INFO - There are 0 files in /opt/airflow/dags
[2024-03-01T08:39:04.763+0000] {manager.py:759} INFO - Searching for files in /opt/airflow/dags
[2024-03-01T08:39:04.769+0000] {manager.py:762} INFO - There are 0 files in /opt/airflow/dags
[2024-03-01T08:44:05.363+0000] {manager.py:759} INFO - Searching for files in /opt/airflow/dags
[2024-03-01T08:44:05.371+0000] {manager.py:762} INFO - There are 0 files in /opt/airflow/dags
[2024-03-01T08:49:06.104+0000] {manager.py:759} INFO - Searching for files in /opt/airflow/dags
[2024-03-01T08:49:06.186+0000] {manager.py:762} INFO - There are 0 files in /opt/airflow/dags
[2024-03-01T08:54:06.863+0000] {manager.py:759} INFO - Searching for files in /opt/airflow/dags
[2024-03-01T08:54:06.869+0000] {manager.py:762} INFO - There are 0 files in /opt/airflow/dags
[2024-03-01T08:59:07.557+0000] {manager.py:759} INFO - Searching for files in /opt/airflow/dags
[2024-03-01T08:59:07.564+0000] {manager.py:762} INFO - There are 0 files in /opt/airflow/dags
[2024-03-01T09:04:08.432+0000] {manager.py:759} INFO - Searching for files in /opt/airflow/dags
[2024-03-01T09:04:08.441+0000] {manager.py:762} INFO - There are 0 files in /opt/airflow/dags
[2024-03-01T09:09:09.380+0000] {manager.py:759} INFO - Searching for files in /opt/airflow/dags
[2024-03-01T09:09:09.388+0000] {manager.py:762} INFO - There are 0 files in /opt/airflow/dags
[2024-03-01T09:14:10.090+0000] {manager.py:759} INFO - Searching for files in /opt/airflow/dags
[2024-03-01T09:14:10.099+0000] {manager.py:762} INFO - There are 0 files in /opt/airflow/dags
[2024-03-01T09:19:10.982+0000] {manager.py:759} INFO - Searching for files in /opt/airflow/dags
[2024-03-01T09:19:10.988+0000] {manager.py:762} INFO - There are 0 files in /opt/airflow/dags
[2024-03-01T09:24:11.764+0000] {manager.py:759} INFO - Searching for files in /opt/airflow/dags
[2024-03-01T09:24:11.772+0000] {manager.py:762} INFO - There are 0 files in /opt/airflow/dags
[2024-03-01T09:29:12.497+0000] {manager.py:759} INFO - Searching for files in /opt/airflow/dags
[2024-03-01T09:29:12.506+0000] {manager.py:762} INFO - There are 0 files in /opt/airflow/dags
[2024-03-01T09:34:13.355+0000] {manager.py:759} INFO - Searching for files in /opt/airflow/dags
[2024-03-01T09:34:13.363+0000] {manager.py:762} INFO - There are 0 files in /opt/airflow/dags
[2024-03-01T09:39:14.122+0000] {manager.py:759} INFO - Searching for files in /opt/airflow/dags
[2024-03-01T09:39:14.131+0000] {manager.py:762} INFO - There are 0 files in /opt/airflow/dags
[2024-03-01T09:44:14.557+0000] {manager.py:759} INFO - Searching for files in /opt/airflow/dags
[2024-03-01T09:44:14.564+0000] {manager.py:762} INFO - There are 0 files in /opt/airflow/dags
[2024-03-01T09:49:15.359+0000] {manager.py:759} INFO - Searching for files in /opt/airflow/dags
[2024-03-01T09:49:15.370+0000] {manager.py:762} INFO - There are 0 files in /opt/airflow/dags
[2024-03-01T09:54:16.215+0000] {manager.py:759} INFO - Searching for files in /opt/airflow/dags
[2024-03-01T09:54:16.226+0000] {manager.py:762} INFO - There are 0 files in /opt/airflow/dags
[2024-03-01T09:59:16.995+0000] {manager.py:759} INFO - Searching for files in /opt/airflow/dags
[2024-03-01T09:59:17.004+0000] {manager.py:762} INFO - There are 0 files in /opt/airflow/dags
[2024-03-01T10:04:17.965+0000] {manager.py:759} INFO - Searching for files in /opt/airflow/dags
[2024-03-01T10:04:17.975+0000] {manager.py:762} INFO - There are 0 files in /opt/airflow/dags
[2024-03-01T10:09:18.601+0000] {manager.py:759} INFO - Searching for files in /opt/airflow/dags
[2024-03-01T10:09:18.610+0000] {manager.py:762} INFO - There are 0 files in /opt/airflow/dags
[2024-03-01T10:14:18.907+0000] {manager.py:759} INFO - Searching for files in /opt/airflow/dags
[2024-03-01T10:14:18.913+0000] {manager.py:762} INFO - There are 0 files in /opt/airflow/dags
[2024-03-01T10:19:19.183+0000] {manager.py:759} INFO - Searching for files in /opt/airflow/dags
[2024-03-01T10:19:19.194+0000] {manager.py:762} INFO - There are 0 files in /opt/airflow/dags
[2024-03-01T10:24:19.983+0000] {manager.py:759} INFO - Searching for files in /opt/airflow/dags
[2024-03-01T10:24:19.993+0000] {manager.py:762} INFO - There are 0 files in /opt/airflow/dags
[2024-03-01T10:29:20.380+0000] {manager.py:759} INFO - Searching for files in /opt/airflow/dags
[2024-03-01T10:29:20.387+0000] {manager.py:762} INFO - There are 0 files in /opt/airflow/dags
[2024-03-01T10:34:20.737+0000] {manager.py:759} INFO - Searching for files in /opt/airflow/dags
[2024-03-01T10:34:20.745+0000] {manager.py:762} INFO - There are 0 files in /opt/airflow/dags
[2024-03-01T10:39:21.126+0000] {manager.py:759} INFO - Searching for files in /opt/airflow/dags
[2024-03-01T10:39:21.132+0000] {manager.py:762} INFO - There are 0 files in /opt/airflow/dags
[2024-03-01T10:44:21.788+0000] {manager.py:759} INFO - Searching for files in /opt/airflow/dags
[2024-03-01T10:44:21.799+0000] {manager.py:762} INFO - There are 0 files in /opt/airflow/dags
[2024-03-01T10:49:22.495+0000] {manager.py:759} INFO - Searching for files in /opt/airflow/dags
[2024-03-01T10:49:22.566+0000] {manager.py:762} INFO - There are 0 files in /opt/airflow/dags
[2024-03-01T10:54:23.227+0000] {manager.py:759} INFO - Searching for files in /opt/airflow/dags
[2024-03-01T10:54:23.238+0000] {manager.py:762} INFO - There are 0 files in /opt/airflow/dags
[2024-03-01T10:59:23.234+0000] {manager.py:759} INFO - Searching for files in /opt/airflow/dags
[2024-03-01T10:59:23.244+0000] {manager.py:762} INFO - There are 0 files in /opt/airflow/dags
[2024-03-01T11:04:23.403+0000] {manager.py:759} INFO - Searching for files in /opt/airflow/dags
[2024-03-01T11:04:23.414+0000] {manager.py:762} INFO - There are 0 files in /opt/airflow/dags
[2024-03-01T11:09:24.044+0000] {manager.py:759} INFO - Searching for files in /opt/airflow/dags
[2024-03-01T11:09:24.053+0000] {manager.py:762} INFO - There are 0 files in /opt/airflow/dags
[2024-03-01T11:14:24.588+0000] {manager.py:759} INFO - Searching for files in /opt/airflow/dags
[2024-03-01T11:14:24.598+0000] {manager.py:762} INFO - There are 0 files in /opt/airflow/dags
[2024-03-01T11:21:48.885+0000] {manager.py:759} INFO - Searching for files in /opt/airflow/dags
[2024-03-01T11:21:48.892+0000] {manager.py:762} INFO - There are 0 files in /opt/airflow/dags
[2024-03-01T11:26:49.592+0000] {manager.py:759} INFO - Searching for files in /opt/airflow/dags
[2024-03-01T11:26:49.599+0000] {manager.py:762} INFO - There are 0 files in /opt/airflow/dags
[2024-03-01T11:31:49.769+0000] {manager.py:759} INFO - Searching for files in /opt/airflow/dags
[2024-03-01T11:31:49.774+0000] {manager.py:762} INFO - There are 0 files in /opt/airflow/dags
[2024-03-01T11:36:50.545+0000] {manager.py:759} INFO - Searching for files in /opt/airflow/dags
[2024-03-01T11:36:50.555+0000] {manager.py:762} INFO - There are 0 files in /opt/airflow/dags
[2024-03-01T11:41:51.237+0000] {manager.py:759} INFO - Searching for files in /opt/airflow/dags
[2024-03-01T11:41:51.244+0000] {manager.py:762} INFO - There are 0 files in /opt/airflow/dags
[2024-03-01T11:46:51.973+0000] {manager.py:759} INFO - Searching for files in /opt/airflow/dags
[2024-03-01T11:46:51.983+0000] {manager.py:762} INFO - There are 0 files in /opt/airflow/dags
[2024-03-01T11:51:52.695+0000] {manager.py:759} INFO - Searching for files in /opt/airflow/dags
[2024-03-01T11:51:52.701+0000] {manager.py:762} INFO - There are 0 files in /opt/airflow/dags
[2024-03-01T12:07:59.402+0000] {manager.py:759} INFO - Searching for files in /opt/airflow/dags
[2024-03-01T12:07:59.410+0000] {manager.py:762} INFO - There are 0 files in /opt/airflow/dags
[2024-03-01T12:13:00.078+0000] {manager.py:759} INFO - Searching for files in /opt/airflow/dags
[2024-03-01T12:13:00.088+0000] {manager.py:762} INFO - There are 0 files in /opt/airflow/dags
[2024-03-01T12:18:00.868+0000] {manager.py:759} INFO - Searching for files in /opt/airflow/dags
[2024-03-01T12:18:00.878+0000] {manager.py:762} INFO - There are 0 files in /opt/airflow/dags
[2024-03-01T12:23:01.681+0000] {manager.py:759} INFO - Searching for files in /opt/airflow/dags
[2024-03-01T12:23:01.690+0000] {manager.py:762} INFO - There are 0 files in /opt/airflow/dags
[2024-03-01T12:28:02.574+0000] {manager.py:759} INFO - Searching for files in /opt/airflow/dags
[2024-03-01T12:28:02.585+0000] {manager.py:762} INFO - There are 0 files in /opt/airflow/dags
[2024-03-01T12:33:03.323+0000] {manager.py:759} INFO - Searching for files in /opt/airflow/dags
[2024-03-01T12:33:03.333+0000] {manager.py:762} INFO - There are 0 files in /opt/airflow/dags
[2024-03-01T12:38:04.058+0000] {manager.py:759} INFO - Searching for files in /opt/airflow/dags
[2024-03-01T12:38:04.067+0000] {manager.py:762} INFO - There are 0 files in /opt/airflow/dags
[2024-03-01T12:43:04.891+0000] {manager.py:759} INFO - Searching for files in /opt/airflow/dags
[2024-03-01T12:43:04.900+0000] {manager.py:762} INFO - There are 0 files in /opt/airflow/dags
[2024-03-01T12:48:05.805+0000] {manager.py:759} INFO - Searching for files in /opt/airflow/dags
[2024-03-01T12:48:05.815+0000] {manager.py:762} INFO - There are 0 files in /opt/airflow/dags
[2024-03-01T12:53:06.648+0000] {manager.py:759} INFO - Searching for files in /opt/airflow/dags
[2024-03-01T12:53:06.658+0000] {manager.py:762} INFO - There are 0 files in /opt/airflow/dags
[2024-03-01T12:58:07.435+0000] {manager.py:759} INFO - Searching for files in /opt/airflow/dags
[2024-03-01T12:58:07.444+0000] {manager.py:762} INFO - There are 0 files in /opt/airflow/dags
[2024-03-01T13:03:08.178+0000] {manager.py:759} INFO - Searching for files in /opt/airflow/dags
[2024-03-01T13:03:08.188+0000] {manager.py:762} INFO - There are 0 files in /opt/airflow/dags
[2024-03-01T13:08:09.025+0000] {manager.py:759} INFO - Searching for files in /opt/airflow/dags
[2024-03-01T13:08:09.035+0000] {manager.py:762} INFO - There are 0 files in /opt/airflow/dags
[2024-03-01T13:13:09.888+0000] {manager.py:759} INFO - Searching for files in /opt/airflow/dags
[2024-03-01T13:13:09.896+0000] {manager.py:762} INFO - There are 0 files in /opt/airflow/dags
[2024-03-01T13:18:10.729+0000] {manager.py:759} INFO - Searching for files in /opt/airflow/dags
[2024-03-01T13:18:10.739+0000] {manager.py:762} INFO - There are 0 files in /opt/airflow/dags
[2024-03-01T13:23:11.124+0000] {manager.py:759} INFO - Searching for files in /opt/airflow/dags
[2024-03-01T13:23:11.134+0000] {manager.py:762} INFO - There are 0 files in /opt/airflow/dags
[2024-03-01T13:28:11.837+0000] {manager.py:759} INFO - Searching for files in /opt/airflow/dags
[2024-03-01T13:28:11.846+0000] {manager.py:762} INFO - There are 0 files in /opt/airflow/dags
[2024-03-01T13:33:12.430+0000] {manager.py:759} INFO - Searching for files in /opt/airflow/dags
[2024-03-01T13:33:12.440+0000] {manager.py:762} INFO - There are 0 files in /opt/airflow/dags
[2024-03-01T13:38:13.249+0000] {manager.py:759} INFO - Searching for files in /opt/airflow/dags
[2024-03-01T13:38:13.260+0000] {manager.py:762} INFO - There are 0 files in /opt/airflow/dags
[2024-03-01T13:43:13.917+0000] {manager.py:759} INFO - Searching for files in /opt/airflow/dags
[2024-03-01T13:43:13.928+0000] {manager.py:762} INFO - There are 0 files in /opt/airflow/dags
[2024-03-01T13:48:14.694+0000] {manager.py:759} INFO - Searching for files in /opt/airflow/dags
[2024-03-01T13:48:14.702+0000] {manager.py:762} INFO - There are 0 files in /opt/airflow/dags
[2024-03-01T13:53:15.399+0000] {manager.py:759} INFO - Searching for files in /opt/airflow/dags
[2024-03-01T13:53:15.408+0000] {manager.py:762} INFO - There are 0 files in /opt/airflow/dags
[2024-03-01T13:58:16.242+0000] {manager.py:759} INFO - Searching for files in /opt/airflow/dags
[2024-03-01T13:58:16.252+0000] {manager.py:762} INFO - There are 0 files in /opt/airflow/dags
[2024-03-01T14:03:16.867+0000] {manager.py:759} INFO - Searching for files in /opt/airflow/dags
[2024-03-01T14:03:16.874+0000] {manager.py:762} INFO - There are 0 files in /opt/airflow/dags
[2024-03-01T14:08:17.675+0000] {manager.py:759} INFO - Searching for files in /opt/airflow/dags
[2024-03-01T14:08:17.684+0000] {manager.py:762} INFO - There are 0 files in /opt/airflow/dags
[2024-03-01T14:13:18.149+0000] {manager.py:759} INFO - Searching for files in /opt/airflow/dags
[2024-03-01T14:13:18.160+0000] {manager.py:762} INFO - There are 0 files in /opt/airflow/dags
[2024-03-01T14:18:18.852+0000] {manager.py:759} INFO - Searching for files in /opt/airflow/dags
[2024-03-01T14:18:18.860+0000] {manager.py:762} INFO - There are 0 files in /opt/airflow/dags
[2024-03-01T14:23:19.600+0000] {manager.py:759} INFO - Searching for files in /opt/airflow/dags
[2024-03-01T14:23:19.608+0000] {manager.py:762} INFO - There are 0 files in /opt/airflow/dags
[2024-03-01T14:28:20.036+0000] {manager.py:759} INFO - Searching for files in /opt/airflow/dags
[2024-03-01T14:28:20.045+0000] {manager.py:762} INFO - There are 0 files in /opt/airflow/dags
[2024-03-01T14:33:20.737+0000] {manager.py:759} INFO - Searching for files in /opt/airflow/dags
[2024-03-01T14:33:20.746+0000] {manager.py:762} INFO - There are 0 files in /opt/airflow/dags
[2024-03-01T14:38:21.738+0000] {manager.py:759} INFO - Searching for files in /opt/airflow/dags
[2024-03-01T14:38:21.746+0000] {manager.py:762} INFO - There are 0 files in /opt/airflow/dags
[2024-03-01T14:43:22.548+0000] {manager.py:759} INFO - Searching for files in /opt/airflow/dags
[2024-03-01T14:43:22.556+0000] {manager.py:762} INFO - There are 0 files in /opt/airflow/dags
[2024-03-01T14:48:23.376+0000] {manager.py:759} INFO - Searching for files in /opt/airflow/dags
[2024-03-01T14:48:23.387+0000] {manager.py:762} INFO - There are 0 files in /opt/airflow/dags
[2024-03-01T14:53:24.233+0000] {manager.py:759} INFO - Searching for files in /opt/airflow/dags
[2024-03-01T14:53:24.242+0000] {manager.py:762} INFO - There are 0 files in /opt/airflow/dags
[2024-03-01T14:58:24.900+0000] {manager.py:759} INFO - Searching for files in /opt/airflow/dags
[2024-03-01T14:58:24.911+0000] {manager.py:762} INFO - There are 0 files in /opt/airflow/dags
[2024-03-01T15:03:25.872+0000] {manager.py:759} INFO - Searching for files in /opt/airflow/dags
[2024-03-01T15:03:25.881+0000] {manager.py:762} INFO - There are 0 files in /opt/airflow/dags
[2024-03-01T15:08:26.375+0000] {manager.py:759} INFO - Searching for files in /opt/airflow/dags
[2024-03-01T15:08:26.446+0000] {manager.py:762} INFO - There are 0 files in /opt/airflow/dags
[2024-03-01T15:13:26.919+0000] {manager.py:759} INFO - Searching for files in /opt/airflow/dags
[2024-03-01T15:13:26.929+0000] {manager.py:762} INFO - There are 0 files in /opt/airflow/dags
[2024-03-01T15:18:27.515+0000] {manager.py:759} INFO - Searching for files in /opt/airflow/dags
[2024-03-01T15:18:27.524+0000] {manager.py:762} INFO - There are 0 files in /opt/airflow/dags
[2024-03-01T15:23:27.972+0000] {manager.py:759} INFO - Searching for files in /opt/airflow/dags
[2024-03-01T15:23:27.979+0000] {manager.py:762} INFO - There are 0 files in /opt/airflow/dags
[2024-03-01T15:28:28.487+0000] {manager.py:759} INFO - Searching for files in /opt/airflow/dags
[2024-03-01T15:28:28.531+0000] {manager.py:762} INFO - There are 0 files in /opt/airflow/dags
[2024-03-01T15:33:29.412+0000] {manager.py:759} INFO - Searching for files in /opt/airflow/dags
[2024-03-01T15:33:29.420+0000] {manager.py:762} INFO - There are 0 files in /opt/airflow/dags
[2024-03-01T15:38:30.124+0000] {manager.py:759} INFO - Searching for files in /opt/airflow/dags
[2024-03-01T15:38:30.136+0000] {manager.py:762} INFO - There are 0 files in /opt/airflow/dags
[2024-03-01T15:43:31.126+0000] {manager.py:759} INFO - Searching for files in /opt/airflow/dags
[2024-03-01T15:43:31.136+0000] {manager.py:762} INFO - There are 0 files in /opt/airflow/dags
[2024-03-01T15:48:31.888+0000] {manager.py:759} INFO - Searching for files in /opt/airflow/dags
[2024-03-01T15:48:31.895+0000] {manager.py:762} INFO - There are 0 files in /opt/airflow/dags
[2024-03-01T15:53:32.571+0000] {manager.py:759} INFO - Searching for files in /opt/airflow/dags
[2024-03-01T15:53:32.582+0000] {manager.py:762} INFO - There are 0 files in /opt/airflow/dags
[2024-03-01T16:00:23.228+0000] {manager.py:759} INFO - Searching for files in /opt/airflow/dags
[2024-03-01T16:00:23.231+0000] {manager.py:762} INFO - There are 0 files in /opt/airflow/dags
[2024-03-01T16:12:12.826+0000] {manager.py:759} INFO - Searching for files in /opt/airflow/dags
[2024-03-01T16:12:12.833+0000] {manager.py:762} INFO - There are 0 files in /opt/airflow/dags
[2024-03-01T16:17:13.452+0000] {manager.py:759} INFO - Searching for files in /opt/airflow/dags
[2024-03-01T16:17:13.460+0000] {manager.py:762} INFO - There are 0 files in /opt/airflow/dags
[2024-03-01T16:22:13.469+0000] {manager.py:759} INFO - Searching for files in /opt/airflow/dags
[2024-03-01T16:22:13.480+0000] {manager.py:762} INFO - There are 0 files in /opt/airflow/dags
[2024-03-01T16:27:14.246+0000] {manager.py:759} INFO - Searching for files in /opt/airflow/dags
[2024-03-01T16:27:14.266+0000] {manager.py:762} INFO - There are 1 files in /opt/airflow/dags
[2024-03-01T16:27:31.738+0000] {manager.py:893} INFO - 
================================================================================
DAG File Processing Stats

File Path                           PID    Runtime      # DAGs    # Errors  Last Runtime    Last Run
----------------------------------  -----  ---------  --------  ----------  --------------  -------------------
/opt/airflow/dags/spark_airflow.py                           1           0  0.37s           2024-03-01T16:27:15
================================================================================
[2024-03-01T16:28:02.202+0000] {manager.py:893} INFO - 
================================================================================
DAG File Processing Stats

File Path                           PID    Runtime      # DAGs    # Errors  Last Runtime    Last Run
----------------------------------  -----  ---------  --------  ----------  --------------  -------------------
/opt/airflow/dags/spark_airflow.py                           1           0  0.15s           2024-03-01T16:27:46
================================================================================
[2024-03-01T16:28:32.524+0000] {manager.py:893} INFO - 
================================================================================
DAG File Processing Stats

File Path                           PID    Runtime      # DAGs    # Errors  Last Runtime    Last Run
----------------------------------  -----  ---------  --------  ----------  --------------  -------------------
/opt/airflow/dags/spark_airflow.py                           1           0  0.16s           2024-03-01T16:28:16
================================================================================
[2024-03-01T16:29:02.801+0000] {manager.py:893} INFO - 
================================================================================
DAG File Processing Stats

File Path                           PID    Runtime      # DAGs    # Errors  Last Runtime    Last Run
----------------------------------  -----  ---------  --------  ----------  --------------  -------------------
/opt/airflow/dags/spark_airflow.py                           1           0  0.13s           2024-03-01T16:28:46
================================================================================
[2024-03-01T16:29:33.077+0000] {manager.py:893} INFO - 
================================================================================
DAG File Processing Stats

File Path                           PID    Runtime      # DAGs    # Errors  Last Runtime    Last Run
----------------------------------  -----  ---------  --------  ----------  --------------  -------------------
/opt/airflow/dags/spark_airflow.py                           1           0  0.12s           2024-03-01T16:29:17
================================================================================
[2024-03-01T16:30:03.484+0000] {manager.py:893} INFO - 
================================================================================
DAG File Processing Stats

File Path                           PID    Runtime      # DAGs    # Errors  Last Runtime    Last Run
----------------------------------  -----  ---------  --------  ----------  --------------  -------------------
/opt/airflow/dags/spark_airflow.py                           1           0  0.24s           2024-03-01T16:29:47
================================================================================
[2024-03-01T16:30:33.878+0000] {manager.py:893} INFO - 
================================================================================
DAG File Processing Stats

File Path                           PID    Runtime      # DAGs    # Errors  Last Runtime    Last Run
----------------------------------  -----  ---------  --------  ----------  --------------  -------------------
/opt/airflow/dags/spark_airflow.py                           1           0  0.16s           2024-03-01T16:30:17
================================================================================
[2024-03-01T16:31:04.184+0000] {manager.py:893} INFO - 
================================================================================
DAG File Processing Stats

File Path                           PID    Runtime      # DAGs    # Errors  Last Runtime    Last Run
----------------------------------  -----  ---------  --------  ----------  --------------  -------------------
/opt/airflow/dags/spark_airflow.py                           1           0  0.17s           2024-03-01T16:30:48
================================================================================
[2024-03-01T16:31:34.620+0000] {manager.py:893} INFO - 
================================================================================
DAG File Processing Stats

File Path                           PID    Runtime      # DAGs    # Errors  Last Runtime    Last Run
----------------------------------  -----  ---------  --------  ----------  --------------  -------------------
/opt/airflow/dags/spark_airflow.py                           1           0  0.24s           2024-03-01T16:31:33
================================================================================
[2024-03-01T16:32:04.980+0000] {manager.py:893} INFO - 
================================================================================
DAG File Processing Stats

File Path                           PID    Runtime      # DAGs    # Errors  Last Runtime    Last Run
----------------------------------  -----  ---------  --------  ----------  --------------  -------------------
/opt/airflow/dags/spark_airflow.py                           1           0  0.15s           2024-03-01T16:32:04
================================================================================
[2024-03-01T16:32:15.081+0000] {manager.py:759} INFO - Searching for files in /opt/airflow/dags
[2024-03-01T16:32:15.101+0000] {manager.py:762} INFO - There are 1 files in /opt/airflow/dags
[2024-03-01T16:32:35.403+0000] {manager.py:893} INFO - 
================================================================================
DAG File Processing Stats

File Path                           PID    Runtime      # DAGs    # Errors  Last Runtime    Last Run
----------------------------------  -----  ---------  --------  ----------  --------------  -------------------
/opt/airflow/dags/spark_airflow.py                           1           0  0.15s           2024-03-01T16:32:34
================================================================================
[2024-03-01T16:33:05.750+0000] {manager.py:893} INFO - 
================================================================================
DAG File Processing Stats

File Path                           PID    Runtime      # DAGs    # Errors  Last Runtime    Last Run
----------------------------------  -----  ---------  --------  ----------  --------------  -------------------
/opt/airflow/dags/spark_airflow.py                           1           0  0.19s           2024-03-01T16:33:04
================================================================================
[2024-03-01T16:33:36.140+0000] {manager.py:893} INFO - 
================================================================================
DAG File Processing Stats

File Path                           PID    Runtime      # DAGs    # Errors  Last Runtime    Last Run
----------------------------------  -----  ---------  --------  ----------  --------------  -------------------
/opt/airflow/dags/spark_airflow.py                           1           0  0.19s           2024-03-01T16:33:35
================================================================================
[2024-03-01T16:34:06.448+0000] {manager.py:893} INFO - 
================================================================================
DAG File Processing Stats

File Path                           PID    Runtime      # DAGs    # Errors  Last Runtime    Last Run
----------------------------------  -----  ---------  --------  ----------  --------------  -------------------
/opt/airflow/dags/spark_airflow.py                           1           0  0.17s           2024-03-01T16:34:05
================================================================================
[2024-03-01T16:34:36.800+0000] {manager.py:893} INFO - 
================================================================================
DAG File Processing Stats

File Path                           PID    Runtime      # DAGs    # Errors  Last Runtime    Last Run
----------------------------------  -----  ---------  --------  ----------  --------------  -------------------
/opt/airflow/dags/spark_airflow.py                           1           0  0.16s           2024-03-01T16:34:35
================================================================================
[2024-03-01T16:35:07.126+0000] {manager.py:893} INFO - 
================================================================================
DAG File Processing Stats

File Path                           PID    Runtime      # DAGs    # Errors  Last Runtime    Last Run
----------------------------------  -----  ---------  --------  ----------  --------------  -------------------
/opt/airflow/dags/spark_airflow.py                           1           0  0.17s           2024-03-01T16:35:06
================================================================================
[2024-03-01T16:35:37.477+0000] {manager.py:893} INFO - 
================================================================================
DAG File Processing Stats

File Path                           PID    Runtime      # DAGs    # Errors  Last Runtime    Last Run
----------------------------------  -----  ---------  --------  ----------  --------------  -------------------
/opt/airflow/dags/spark_airflow.py                           1           0  0.17s           2024-03-01T16:35:36
================================================================================
[2024-03-01T16:36:07.816+0000] {manager.py:893} INFO - 
================================================================================
DAG File Processing Stats

File Path                           PID    Runtime      # DAGs    # Errors  Last Runtime    Last Run
----------------------------------  -----  ---------  --------  ----------  --------------  -------------------
/opt/airflow/dags/spark_airflow.py                           1           0  0.17s           2024-03-01T16:36:06
================================================================================
[2024-03-01T16:36:38.194+0000] {manager.py:893} INFO - 
================================================================================
DAG File Processing Stats

File Path                           PID    Runtime      # DAGs    # Errors  Last Runtime    Last Run
----------------------------------  -----  ---------  --------  ----------  --------------  -------------------
/opt/airflow/dags/spark_airflow.py                           1           0  0.19s           2024-03-01T16:36:37
================================================================================
[2024-03-01T16:37:08.579+0000] {manager.py:893} INFO - 
================================================================================
DAG File Processing Stats

File Path                           PID    Runtime      # DAGs    # Errors  Last Runtime    Last Run
----------------------------------  -----  ---------  --------  ----------  --------------  -------------------
/opt/airflow/dags/spark_airflow.py                           1           0  0.25s           2024-03-01T16:37:07
================================================================================
[2024-03-01T16:37:15.636+0000] {manager.py:759} INFO - Searching for files in /opt/airflow/dags
[2024-03-01T16:37:15.647+0000] {manager.py:762} INFO - There are 1 files in /opt/airflow/dags
[2024-03-01T16:37:38.939+0000] {manager.py:893} INFO - 
================================================================================
DAG File Processing Stats

File Path                           PID    Runtime      # DAGs    # Errors  Last Runtime    Last Run
----------------------------------  -----  ---------  --------  ----------  --------------  -------------------
/opt/airflow/dags/spark_airflow.py                           1           0  0.20s           2024-03-01T16:37:38
================================================================================
[2024-03-01T16:38:09.342+0000] {manager.py:893} INFO - 
================================================================================
DAG File Processing Stats

File Path                           PID    Runtime      # DAGs    # Errors  Last Runtime    Last Run
----------------------------------  -----  ---------  --------  ----------  --------------  -------------------
/opt/airflow/dags/spark_airflow.py                           1           0  0.19s           2024-03-01T16:38:08
================================================================================
[2024-03-01T16:38:39.753+0000] {manager.py:893} INFO - 
================================================================================
DAG File Processing Stats

File Path                           PID    Runtime      # DAGs    # Errors  Last Runtime    Last Run
----------------------------------  -----  ---------  --------  ----------  --------------  -------------------
/opt/airflow/dags/spark_airflow.py                           1           0  0.27s           2024-03-01T16:38:38
================================================================================
[2024-03-01T16:39:10.190+0000] {manager.py:893} INFO - 
================================================================================
DAG File Processing Stats

File Path                           PID    Runtime      # DAGs    # Errors  Last Runtime    Last Run
----------------------------------  -----  ---------  --------  ----------  --------------  -------------------
/opt/airflow/dags/spark_airflow.py                           1           0  0.20s           2024-03-01T16:39:09
================================================================================
[2024-03-01T16:39:40.601+0000] {manager.py:893} INFO - 
================================================================================
DAG File Processing Stats

File Path                           PID    Runtime      # DAGs    # Errors  Last Runtime    Last Run
----------------------------------  -----  ---------  --------  ----------  --------------  -------------------
/opt/airflow/dags/spark_airflow.py                           1           0  0.19s           2024-03-01T16:39:39
================================================================================
[2024-03-01T16:40:11.040+0000] {manager.py:893} INFO - 
================================================================================
DAG File Processing Stats

File Path                           PID    Runtime      # DAGs    # Errors  Last Runtime    Last Run
----------------------------------  -----  ---------  --------  ----------  --------------  -------------------
/opt/airflow/dags/spark_airflow.py                           1           0  0.25s           2024-03-01T16:40:10
================================================================================
[2024-03-01T16:40:41.412+0000] {manager.py:893} INFO - 
================================================================================
DAG File Processing Stats

File Path                           PID    Runtime      # DAGs    # Errors  Last Runtime    Last Run
----------------------------------  -----  ---------  --------  ----------  --------------  -------------------
/opt/airflow/dags/spark_airflow.py                           1           0  0.20s           2024-03-01T16:40:40
================================================================================
[2024-03-01T16:41:11.791+0000] {manager.py:893} INFO - 
================================================================================
DAG File Processing Stats

File Path                           PID    Runtime      # DAGs    # Errors  Last Runtime    Last Run
----------------------------------  -----  ---------  --------  ----------  --------------  -------------------
/opt/airflow/dags/spark_airflow.py                           1           0  0.20s           2024-03-01T16:41:10
================================================================================
[2024-03-01T16:41:42.178+0000] {manager.py:893} INFO - 
================================================================================
DAG File Processing Stats

File Path                           PID    Runtime      # DAGs    # Errors  Last Runtime    Last Run
----------------------------------  -----  ---------  --------  ----------  --------------  -------------------
/opt/airflow/dags/spark_airflow.py                           1           0  0.20s           2024-03-01T16:41:41
================================================================================
[2024-03-01T16:42:12.526+0000] {manager.py:893} INFO - 
================================================================================
DAG File Processing Stats

File Path                           PID    Runtime      # DAGs    # Errors  Last Runtime    Last Run
----------------------------------  -----  ---------  --------  ----------  --------------  -------------------
/opt/airflow/dags/spark_airflow.py                           1           0  0.20s           2024-03-01T16:42:11
================================================================================
[2024-03-01T16:42:15.683+0000] {manager.py:759} INFO - Searching for files in /opt/airflow/dags
[2024-03-01T16:42:15.694+0000] {manager.py:762} INFO - There are 1 files in /opt/airflow/dags
[2024-03-01T16:42:42.930+0000] {manager.py:893} INFO - 
================================================================================
DAG File Processing Stats

File Path                           PID    Runtime      # DAGs    # Errors  Last Runtime    Last Run
----------------------------------  -----  ---------  --------  ----------  --------------  -------------------
/opt/airflow/dags/spark_airflow.py                           1           0  0.18s           2024-03-01T16:42:41
================================================================================
[2024-03-01T16:43:13.256+0000] {manager.py:893} INFO - 
================================================================================
DAG File Processing Stats

File Path                           PID    Runtime      # DAGs    # Errors  Last Runtime    Last Run
----------------------------------  -----  ---------  --------  ----------  --------------  -------------------
/opt/airflow/dags/spark_airflow.py                           1           0  0.20s           2024-03-01T16:43:12
================================================================================
[2024-03-01T16:43:43.593+0000] {manager.py:893} INFO - 
================================================================================
DAG File Processing Stats

File Path                           PID    Runtime      # DAGs    # Errors  Last Runtime    Last Run
----------------------------------  -----  ---------  --------  ----------  --------------  -------------------
/opt/airflow/dags/spark_airflow.py                           1           0  0.20s           2024-03-01T16:43:42
================================================================================
[2024-03-01T16:44:14.001+0000] {manager.py:893} INFO - 
================================================================================
DAG File Processing Stats

File Path                           PID    Runtime      # DAGs    # Errors  Last Runtime    Last Run
----------------------------------  -----  ---------  --------  ----------  --------------  -------------------
/opt/airflow/dags/spark_airflow.py                           1           0  0.20s           2024-03-01T16:44:13
================================================================================
[2024-03-01T16:44:44.376+0000] {manager.py:893} INFO - 
================================================================================
DAG File Processing Stats

File Path                           PID    Runtime      # DAGs    # Errors  Last Runtime    Last Run
----------------------------------  -----  ---------  --------  ----------  --------------  -------------------
/opt/airflow/dags/spark_airflow.py                           1           0  0.22s           2024-03-01T16:44:43
================================================================================
[2024-03-01T16:45:14.728+0000] {manager.py:893} INFO - 
================================================================================
DAG File Processing Stats

File Path                           PID    Runtime      # DAGs    # Errors  Last Runtime    Last Run
----------------------------------  -----  ---------  --------  ----------  --------------  -------------------
/opt/airflow/dags/spark_airflow.py                           1           0  0.28s           2024-03-01T16:45:13
================================================================================
[2024-03-01T16:45:45.142+0000] {manager.py:893} INFO - 
================================================================================
DAG File Processing Stats

File Path                           PID    Runtime      # DAGs    # Errors  Last Runtime    Last Run
----------------------------------  -----  ---------  --------  ----------  --------------  -------------------
/opt/airflow/dags/spark_airflow.py                           1           0  0.19s           2024-03-01T16:45:44
================================================================================
[2024-03-01T16:46:15.464+0000] {manager.py:893} INFO - 
================================================================================
DAG File Processing Stats

File Path                           PID    Runtime      # DAGs    # Errors  Last Runtime    Last Run
----------------------------------  -----  ---------  --------  ----------  --------------  -------------------
/opt/airflow/dags/spark_airflow.py                           1           0  0.18s           2024-03-01T16:46:14
================================================================================
[2024-03-01T16:46:45.837+0000] {manager.py:893} INFO - 
================================================================================
DAG File Processing Stats

File Path                           PID    Runtime      # DAGs    # Errors  Last Runtime    Last Run
----------------------------------  -----  ---------  --------  ----------  --------------  -------------------
/opt/airflow/dags/spark_airflow.py                           1           0  0.19s           2024-03-01T16:46:44
================================================================================
[2024-03-01T16:47:16.211+0000] {manager.py:759} INFO - Searching for files in /opt/airflow/dags
[2024-03-01T16:47:16.221+0000] {manager.py:762} INFO - There are 1 files in /opt/airflow/dags
[2024-03-01T16:47:16.250+0000] {manager.py:893} INFO - 
================================================================================
DAG File Processing Stats

File Path                           PID    Runtime      # DAGs    # Errors  Last Runtime    Last Run
----------------------------------  -----  ---------  --------  ----------  --------------  -------------------
/opt/airflow/dags/spark_airflow.py                           1           0  0.20s           2024-03-01T16:47:15
================================================================================
[2024-03-01T16:47:46.621+0000] {manager.py:893} INFO - 
================================================================================
DAG File Processing Stats

File Path                           PID    Runtime      # DAGs    # Errors  Last Runtime    Last Run
----------------------------------  -----  ---------  --------  ----------  --------------  -------------------
/opt/airflow/dags/spark_airflow.py                           1           0  0.20s           2024-03-01T16:47:45
================================================================================
[2024-03-01T16:48:16.938+0000] {manager.py:893} INFO - 
================================================================================
DAG File Processing Stats

File Path                           PID    Runtime      # DAGs    # Errors  Last Runtime    Last Run
----------------------------------  -----  ---------  --------  ----------  --------------  -------------------
/opt/airflow/dags/spark_airflow.py                           1           0  0.21s           2024-03-01T16:48:16
================================================================================
[2024-03-01T16:48:47.309+0000] {manager.py:893} INFO - 
================================================================================
DAG File Processing Stats

File Path                           PID    Runtime      # DAGs    # Errors  Last Runtime    Last Run
----------------------------------  -----  ---------  --------  ----------  --------------  -------------------
/opt/airflow/dags/spark_airflow.py                           1           0  0.19s           2024-03-01T16:48:46
================================================================================
[2024-03-01T16:49:17.658+0000] {manager.py:893} INFO - 
================================================================================
DAG File Processing Stats

File Path                           PID    Runtime      # DAGs    # Errors  Last Runtime    Last Run
----------------------------------  -----  ---------  --------  ----------  --------------  -------------------
/opt/airflow/dags/spark_airflow.py                           1           0  0.20s           2024-03-01T16:49:16
================================================================================
[2024-03-01T16:49:48.011+0000] {manager.py:893} INFO - 
================================================================================
DAG File Processing Stats

File Path                           PID    Runtime      # DAGs    # Errors  Last Runtime    Last Run
----------------------------------  -----  ---------  --------  ----------  --------------  -------------------
/opt/airflow/dags/spark_airflow.py                           1           0  0.21s           2024-03-01T16:49:47
================================================================================
[2024-03-01T16:50:18.365+0000] {manager.py:893} INFO - 
================================================================================
DAG File Processing Stats

File Path                           PID    Runtime      # DAGs    # Errors  Last Runtime    Last Run
----------------------------------  -----  ---------  --------  ----------  --------------  -------------------
/opt/airflow/dags/spark_airflow.py                           1           0  0.17s           2024-03-01T16:50:17
================================================================================
[2024-03-01T16:50:48.722+0000] {manager.py:893} INFO - 
================================================================================
DAG File Processing Stats

File Path                           PID    Runtime      # DAGs    # Errors  Last Runtime    Last Run
----------------------------------  -----  ---------  --------  ----------  --------------  -------------------
/opt/airflow/dags/spark_airflow.py                           1           0  0.17s           2024-03-01T16:50:47
================================================================================
[2024-03-01T16:51:19.070+0000] {manager.py:893} INFO - 
================================================================================
DAG File Processing Stats

File Path                           PID    Runtime      # DAGs    # Errors  Last Runtime    Last Run
----------------------------------  -----  ---------  --------  ----------  --------------  -------------------
/opt/airflow/dags/spark_airflow.py                           1           0  0.18s           2024-03-01T16:51:18
================================================================================
[2024-03-01T16:51:49.439+0000] {manager.py:893} INFO - 
================================================================================
DAG File Processing Stats

File Path                           PID    Runtime      # DAGs    # Errors  Last Runtime    Last Run
----------------------------------  -----  ---------  --------  ----------  --------------  -------------------
/opt/airflow/dags/spark_airflow.py                           1           0  0.17s           2024-03-01T16:51:48
================================================================================
[2024-03-01T16:52:16.716+0000] {manager.py:759} INFO - Searching for files in /opt/airflow/dags
[2024-03-01T16:52:16.729+0000] {manager.py:762} INFO - There are 1 files in /opt/airflow/dags
[2024-03-01T16:52:19.851+0000] {manager.py:893} INFO - 
================================================================================
DAG File Processing Stats

File Path                           PID    Runtime      # DAGs    # Errors  Last Runtime    Last Run
----------------------------------  -----  ---------  --------  ----------  --------------  -------------------
/opt/airflow/dags/spark_airflow.py                           1           0  0.19s           2024-03-01T16:52:18
================================================================================
[2024-03-01T16:52:50.268+0000] {manager.py:893} INFO - 
================================================================================
DAG File Processing Stats

File Path                           PID    Runtime      # DAGs    # Errors  Last Runtime    Last Run
----------------------------------  -----  ---------  --------  ----------  --------------  -------------------
/opt/airflow/dags/spark_airflow.py                           1           0  0.17s           2024-03-01T16:52:49
================================================================================
[2024-03-01T16:53:16.112+0000] {manager.py:469} INFO - Exiting gracefully upon receiving signal 15
[2024-03-01T17:30:07.361+0000] {manager.py:487} INFO - Processing files using up to 2 processes at a time 
[2024-03-01T17:30:07.362+0000] {manager.py:488} INFO - Process each file at most once every 30 seconds
[2024-03-01T17:30:07.362+0000] {manager.py:489} INFO - Checking for new files in /opt/airflow/dags every 300 seconds
[2024-03-01T17:30:07.363+0000] {manager.py:759} INFO - Searching for files in /opt/airflow/dags
[2024-03-01T17:30:07.365+0000] {manager.py:762} INFO - There are 1 files in /opt/airflow/dags
[2024-03-01T17:30:26.979+0000] {manager.py:893} INFO - 
================================================================================
DAG File Processing Stats

File Path                           PID    Runtime      # DAGs    # Errors  Last Runtime    Last Run
----------------------------------  -----  ---------  --------  ----------  --------------  -------------------
/opt/airflow/dags/spark_airflow.py                           1           0  0.08s           2024-03-01T17:30:07
================================================================================
[2024-03-01T17:30:57.362+0000] {manager.py:893} INFO - 
================================================================================
DAG File Processing Stats

File Path                           PID    Runtime      # DAGs    # Errors  Last Runtime    Last Run
----------------------------------  -----  ---------  --------  ----------  --------------  -------------------
/opt/airflow/dags/spark_airflow.py                           1           0  0.14s           2024-03-01T17:30:38
================================================================================
[2024-03-01T17:31:27.718+0000] {manager.py:893} INFO - 
================================================================================
DAG File Processing Stats

File Path                           PID    Runtime      # DAGs    # Errors  Last Runtime    Last Run
----------------------------------  -----  ---------  --------  ----------  --------------  -------------------
/opt/airflow/dags/spark_airflow.py                           1           0  0.14s           2024-03-01T17:31:08
================================================================================
[2024-03-01T17:31:58.060+0000] {manager.py:893} INFO - 
================================================================================
DAG File Processing Stats

File Path                           PID    Runtime      # DAGs    # Errors  Last Runtime    Last Run
----------------------------------  -----  ---------  --------  ----------  --------------  -------------------
/opt/airflow/dags/spark_airflow.py                           1           0  0.15s           2024-03-01T17:31:38
================================================================================
[2024-03-01T17:32:28.489+0000] {manager.py:893} INFO - 
================================================================================
DAG File Processing Stats

File Path                           PID    Runtime      # DAGs    # Errors  Last Runtime    Last Run
----------------------------------  -----  ---------  --------  ----------  --------------  -------------------
/opt/airflow/dags/spark_airflow.py                           1           0  0.17s           2024-03-01T17:32:09
================================================================================
[2024-03-01T17:32:58.909+0000] {manager.py:893} INFO - 
================================================================================
DAG File Processing Stats

File Path                           PID    Runtime      # DAGs    # Errors  Last Runtime    Last Run
----------------------------------  -----  ---------  --------  ----------  --------------  -------------------
/opt/airflow/dags/spark_airflow.py                           1           0  0.13s           2024-03-01T17:32:39
================================================================================
[2024-03-01T17:33:05.222+0000] {manager.py:469} INFO - Exiting gracefully upon receiving signal 15
[2024-03-02T10:46:08.718+0000] {manager.py:487} INFO - Processing files using up to 2 processes at a time 
[2024-03-02T10:46:08.720+0000] {manager.py:488} INFO - Process each file at most once every 30 seconds
[2024-03-02T10:46:08.722+0000] {manager.py:489} INFO - Checking for new files in /opt/airflow/dags every 300 seconds
[2024-03-02T10:46:08.724+0000] {manager.py:759} INFO - Searching for files in /opt/airflow/dags
[2024-03-02T10:46:08.741+0000] {manager.py:762} INFO - There are 1 files in /opt/airflow/dags
[2024-03-02T10:46:26.263+0000] {manager.py:893} INFO - 
================================================================================
DAG File Processing Stats

File Path                           PID    Runtime      # DAGs    # Errors  Last Runtime    Last Run
----------------------------------  -----  ---------  --------  ----------  --------------  -------------------
/opt/airflow/dags/spark_airflow.py                           0           1  0.06s           2024-03-02T10:46:09
================================================================================
[2024-03-02T10:46:56.661+0000] {manager.py:893} INFO - 
================================================================================
DAG File Processing Stats

File Path                           PID    Runtime      # DAGs    # Errors  Last Runtime    Last Run
----------------------------------  -----  ---------  --------  ----------  --------------  -------------------
/opt/airflow/dags/spark_airflow.py                           0           1  0.21s           2024-03-02T10:46:39
================================================================================
[2024-03-02T10:47:27.073+0000] {manager.py:893} INFO - 
================================================================================
DAG File Processing Stats

File Path                           PID    Runtime      # DAGs    # Errors  Last Runtime    Last Run
----------------------------------  -----  ---------  --------  ----------  --------------  -------------------
/opt/airflow/dags/spark_airflow.py                           0           1  0.08s           2024-03-02T10:47:09
================================================================================
[2024-03-02T10:47:57.502+0000] {manager.py:893} INFO - 
================================================================================
DAG File Processing Stats

File Path                           PID    Runtime      # DAGs    # Errors  Last Runtime    Last Run
----------------------------------  -----  ---------  --------  ----------  --------------  -------------------
/opt/airflow/dags/spark_airflow.py                           0           1  0.11s           2024-03-02T10:47:40
================================================================================
[2024-03-02T10:48:27.896+0000] {manager.py:893} INFO - 
================================================================================
DAG File Processing Stats

File Path                           PID    Runtime      # DAGs    # Errors  Last Runtime    Last Run
----------------------------------  -----  ---------  --------  ----------  --------------  -------------------
/opt/airflow/dags/spark_airflow.py                           0           1  0.11s           2024-03-02T10:48:10
================================================================================
[2024-03-02T10:48:58.209+0000] {manager.py:893} INFO - 
================================================================================
DAG File Processing Stats

File Path                           PID    Runtime      # DAGs    # Errors  Last Runtime    Last Run
----------------------------------  -----  ---------  --------  ----------  --------------  -------------------
/opt/airflow/dags/spark_airflow.py                           0           1  0.08s           2024-03-02T10:48:41
================================================================================
[2024-03-02T10:49:28.571+0000] {manager.py:893} INFO - 
================================================================================
DAG File Processing Stats

File Path                           PID    Runtime      # DAGs    # Errors  Last Runtime    Last Run
----------------------------------  -----  ---------  --------  ----------  --------------  -------------------
/opt/airflow/dags/spark_airflow.py                           0           1  0.11s           2024-03-02T10:49:11
================================================================================
[2024-03-02T10:49:58.907+0000] {manager.py:893} INFO - 
================================================================================
DAG File Processing Stats

File Path                           PID    Runtime      # DAGs    # Errors  Last Runtime    Last Run
----------------------------------  -----  ---------  --------  ----------  --------------  -------------------
/opt/airflow/dags/spark_airflow.py                           0           1  0.11s           2024-03-02T10:49:41
================================================================================
[2024-03-02T10:50:29.278+0000] {manager.py:893} INFO - 
================================================================================
DAG File Processing Stats

File Path                           PID    Runtime      # DAGs    # Errors  Last Runtime    Last Run
----------------------------------  -----  ---------  --------  ----------  --------------  -------------------
/opt/airflow/dags/spark_airflow.py                           0           1  0.09s           2024-03-02T10:50:09
================================================================================
[2024-03-02T10:50:59.720+0000] {manager.py:893} INFO - 
================================================================================
DAG File Processing Stats

File Path                           PID    Runtime      # DAGs    # Errors  Last Runtime    Last Run
----------------------------------  -----  ---------  --------  ----------  --------------  -------------------
/opt/airflow/dags/spark_airflow.py                           0           1  0.15s           2024-03-02T10:50:39
================================================================================
[2024-03-02T10:51:08.850+0000] {manager.py:759} INFO - Searching for files in /opt/airflow/dags
[2024-03-02T10:51:08.882+0000] {manager.py:762} INFO - There are 1 files in /opt/airflow/dags
[2024-03-02T10:51:30.173+0000] {manager.py:893} INFO - 
================================================================================
DAG File Processing Stats

File Path                           PID    Runtime      # DAGs    # Errors  Last Runtime    Last Run
----------------------------------  -----  ---------  --------  ----------  --------------  -------------------
/opt/airflow/dags/spark_airflow.py                           0           1  0.12s           2024-03-02T10:51:10
================================================================================
[2024-03-02T10:52:00.561+0000] {manager.py:893} INFO - 
================================================================================
DAG File Processing Stats

File Path                           PID    Runtime      # DAGs    # Errors  Last Runtime    Last Run
----------------------------------  -----  ---------  --------  ----------  --------------  -------------------
/opt/airflow/dags/spark_airflow.py                           0           1  0.11s           2024-03-02T10:51:40
================================================================================
[2024-03-02T10:52:30.894+0000] {manager.py:893} INFO - 
================================================================================
DAG File Processing Stats

File Path                           PID    Runtime      # DAGs    # Errors  Last Runtime    Last Run
----------------------------------  -----  ---------  --------  ----------  --------------  -------------------
/opt/airflow/dags/spark_airflow.py                           0           1  0.10s           2024-03-02T10:52:10
================================================================================
[2024-03-02T10:53:01.265+0000] {manager.py:893} INFO - 
================================================================================
DAG File Processing Stats

File Path                           PID    Runtime      # DAGs    # Errors  Last Runtime    Last Run
----------------------------------  -----  ---------  --------  ----------  --------------  -------------------
/opt/airflow/dags/spark_airflow.py                           0           1  0.14s           2024-03-02T10:52:41
================================================================================
[2024-03-02T10:53:31.635+0000] {manager.py:893} INFO - 
================================================================================
DAG File Processing Stats

File Path                           PID    Runtime      # DAGs    # Errors  Last Runtime    Last Run
----------------------------------  -----  ---------  --------  ----------  --------------  -------------------
/opt/airflow/dags/spark_airflow.py                           0           1  0.12s           2024-03-02T10:53:11
================================================================================
[2024-03-02T10:54:01.976+0000] {manager.py:893} INFO - 
================================================================================
DAG File Processing Stats

File Path                           PID    Runtime      # DAGs    # Errors  Last Runtime    Last Run
----------------------------------  -----  ---------  --------  ----------  --------------  -------------------
/opt/airflow/dags/spark_airflow.py                           0           1  0.11s           2024-03-02T10:53:41
================================================================================
[2024-03-02T10:54:32.291+0000] {manager.py:893} INFO - 
================================================================================
DAG File Processing Stats

File Path                           PID    Runtime      # DAGs    # Errors  Last Runtime    Last Run
----------------------------------  -----  ---------  --------  ----------  --------------  -------------------
/opt/airflow/dags/spark_airflow.py                           0           1  0.11s           2024-03-02T10:54:12
================================================================================
[2024-03-02T10:55:02.730+0000] {manager.py:893} INFO - 
================================================================================
DAG File Processing Stats

File Path                           PID    Runtime      # DAGs    # Errors  Last Runtime    Last Run
----------------------------------  -----  ---------  --------  ----------  --------------  -------------------
/opt/airflow/dags/spark_airflow.py                           0           1  0.16s           2024-03-02T10:54:42
================================================================================
[2024-03-02T10:55:33.038+0000] {manager.py:893} INFO - 
================================================================================
DAG File Processing Stats

File Path                           PID    Runtime      # DAGs    # Errors  Last Runtime    Last Run
----------------------------------  -----  ---------  --------  ----------  --------------  -------------------
/opt/airflow/dags/spark_airflow.py                           0           1  0.11s           2024-03-02T10:55:12
================================================================================
[2024-03-02T10:56:03.516+0000] {manager.py:893} INFO - 
================================================================================
DAG File Processing Stats

File Path                           PID    Runtime      # DAGs    # Errors  Last Runtime    Last Run
----------------------------------  -----  ---------  --------  ----------  --------------  -------------------
/opt/airflow/dags/spark_airflow.py                           0           1  0.11s           2024-03-02T10:55:43
================================================================================
[2024-03-02T10:56:09.592+0000] {manager.py:759} INFO - Searching for files in /opt/airflow/dags
[2024-03-02T10:56:09.619+0000] {manager.py:762} INFO - There are 1 files in /opt/airflow/dags
[2024-03-02T10:56:33.918+0000] {manager.py:893} INFO - 
================================================================================
DAG File Processing Stats

File Path                           PID    Runtime      # DAGs    # Errors  Last Runtime    Last Run
----------------------------------  -----  ---------  --------  ----------  --------------  -------------------
/opt/airflow/dags/spark_airflow.py                           0           1  0.13s           2024-03-02T10:56:13
================================================================================
[2024-03-02T10:57:04.325+0000] {manager.py:893} INFO - 
================================================================================
DAG File Processing Stats

File Path                           PID    Runtime      # DAGs    # Errors  Last Runtime    Last Run
----------------------------------  -----  ---------  --------  ----------  --------------  -------------------
/opt/airflow/dags/spark_airflow.py                           0           1  0.11s           2024-03-02T10:56:44
================================================================================
[2024-03-02T10:57:34.709+0000] {manager.py:893} INFO - 
================================================================================
DAG File Processing Stats

File Path                           PID    Runtime      # DAGs    # Errors  Last Runtime    Last Run
----------------------------------  -----  ---------  --------  ----------  --------------  -------------------
/opt/airflow/dags/spark_airflow.py                           0           1  0.13s           2024-03-02T10:57:14
================================================================================
